{"/home/runner/work/logseq-plugin-left-sidebar-enhance/logseq-plugin-left-sidebar-enhance/src/dateSelector.ts": {"path":"/home/runner/work/logseq-plugin-left-sidebar-enhance/logseq-plugin-left-sidebar-enhance/src/dateSelector.ts","statementMap":{"0":{"start":{"line":7,"column":32},"end":{"line":51,"column":1}},"1":{"start":{"line":8,"column":22},"end":{"line":8,"column":46}},"2":{"start":{"line":9,"column":4},"end":{"line":50,"column":5}},"3":{"start":{"line":10,"column":8},"end":{"line":14,"column":9}},"4":{"start":{"line":11,"column":12},"end":{"line":11,"column":null}},"5":{"start":{"line":13,"column":12},"end":{"line":13,"column":null}},"6":{"start":{"line":17,"column":8},"end":{"line":25,"column":null}},"7":{"start":{"line":18,"column":12},"end":{"line":23,"column":13}},"8":{"start":{"line":19,"column":16},"end":{"line":22,"column":69}},"9":{"start":{"line":20,"column":20},"end":{"line":20,"column":32}},"10":{"start":{"line":22,"column":20},"end":{"line":22,"column":69}},"11":{"start":{"line":27,"column":8},"end":{"line":28,"column":null}},"12":{"start":{"line":28,"column":12},"end":{"line":28,"column":null}},"13":{"start":{"line":30,"column":8},"end":{"line":49,"column":null}},"14":{"start":{"line":53,"column":13},"end":{"line":98,"column":1}},"15":{"start":{"line":54,"column":4},"end":{"line":55,"column":69}},"16":{"start":{"line":55,"column":8},"end":{"line":55,"column":69}},"17":{"start":{"line":57,"column":4},"end":{"line":97,"column":null}},"18":{"start":{"line":59,"column":46},"end":{"line":59,"column":168}},"19":{"start":{"line":61,"column":8},"end":{"line":61,"column":35}},"20":{"start":{"line":61,"column":29},"end":{"line":61,"column":35}},"21":{"start":{"line":63,"column":45},"end":{"line":63,"column":74}},"22":{"start":{"line":64,"column":8},"end":{"line":64,"column":null}},"23":{"start":{"line":65,"column":8},"end":{"line":65,"column":null}},"24":{"start":{"line":66,"column":47},"end":{"line":66,"column":80}},"25":{"start":{"line":67,"column":8},"end":{"line":67,"column":null}},"26":{"start":{"line":68,"column":8},"end":{"line":68,"column":null}},"27":{"start":{"line":69,"column":40},"end":{"line":69,"column":73}},"28":{"start":{"line":70,"column":8},"end":{"line":70,"column":null}},"29":{"start":{"line":71,"column":8},"end":{"line":71,"column":null}},"30":{"start":{"line":72,"column":8},"end":{"line":72,"column":null}},"31":{"start":{"line":73,"column":8},"end":{"line":73,"column":60}},"32":{"start":{"line":74,"column":8},"end":{"line":74,"column":76}},"33":{"start":{"line":75,"column":45},"end":{"line":75,"column":74}},"34":{"start":{"line":76,"column":8},"end":{"line":76,"column":null}},"35":{"start":{"line":77,"column":8},"end":{"line":77,"column":null}},"36":{"start":{"line":78,"column":8},"end":{"line":78,"column":null}},"37":{"start":{"line":79,"column":8},"end":{"line":79,"column":null}},"38":{"start":{"line":80,"column":8},"end":{"line":80,"column":null}},"39":{"start":{"line":81,"column":8},"end":{"line":81,"column":null}},"40":{"start":{"line":83,"column":40},"end":{"line":83,"column":91}},"41":{"start":{"line":86,"column":8},"end":{"line":95,"column":null}},"42":{"start":{"line":87,"column":56},"end":{"line":87,"column":137}},"43":{"start":{"line":89,"column":12},"end":{"line":89,"column":45}},"44":{"start":{"line":89,"column":39},"end":{"line":89,"column":45}},"45":{"start":{"line":91,"column":12},"end":{"line":92,"column":95}},"46":{"start":{"line":92,"column":16},"end":{"line":92,"column":95}},"47":{"start":{"line":94,"column":12},"end":{"line":94,"column":47}},"48":{"start":{"line":100,"column":22},"end":{"line":115,"column":1}},"49":{"start":{"line":105,"column":20},"end":{"line":105,"column":56}},"50":{"start":{"line":106,"column":4},"end":{"line":112,"column":null}},"51":{"start":{"line":107,"column":8},"end":{"line":111,"column":9}},"52":{"start":{"line":108,"column":12},"end":{"line":108,"column":null}},"53":{"start":{"line":108,"column":23},"end":{"line":108,"column":null}},"54":{"start":{"line":110,"column":12},"end":{"line":110,"column":null}},"55":{"start":{"line":113,"column":4},"end":{"line":113,"column":null}},"56":{"start":{"line":113,"column":19},"end":{"line":113,"column":null}},"57":{"start":{"line":114,"column":4},"end":{"line":114,"column":null}},"58":{"start":{"line":117,"column":30},"end":{"line":151,"column":1}},"59":{"start":{"line":132,"column":21},"end":{"line":132,"column":82}},"60":{"start":{"line":134,"column":25},"end":{"line":138,"column":6}},"61":{"start":{"line":140,"column":26},"end":{"line":140,"column":78}},"62":{"start":{"line":142,"column":4},"end":{"line":147,"column":null}},"63":{"start":{"line":143,"column":21},"end":{"line":143,"column":82}},"64":{"start":{"line":144,"column":8},"end":{"line":144,"column":25}},"65":{"start":{"line":144,"column":19},"end":{"line":144,"column":25}},"66":{"start":{"line":145,"column":30},"end":{"line":145,"column":72}},"67":{"start":{"line":146,"column":8},"end":{"line":146,"column":null}},"68":{"start":{"line":149,"column":4},"end":{"line":149,"column":null}},"69":{"start":{"line":150,"column":4},"end":{"line":150,"column":null}},"70":{"start":{"line":153,"column":23},"end":{"line":182,"column":1}},"71":{"start":{"line":154,"column":26},"end":{"line":154,"column":66}},"72":{"start":{"line":157,"column":22},"end":{"line":166,"column":6}},"73":{"start":{"line":164,"column":12},"end":{"line":164,"column":null}},"74":{"start":{"line":169,"column":23},"end":{"line":178,"column":6}},"75":{"start":{"line":176,"column":12},"end":{"line":176,"column":null}},"76":{"start":{"line":180,"column":4},"end":{"line":180,"column":null}},"77":{"start":{"line":181,"column":4},"end":{"line":181,"column":null}}},"fnMap":{"0":{"name":"(anonymous_0)","decl":{"start":{"line":7,"column":32},"end":{"line":7,"column":35}},"loc":{"start":{"line":7,"column":37},"end":{"line":51,"column":1}}},"1":{"name":"(anonymous_1)","decl":{"start":{"line":17,"column":33},"end":{"line":17,"column":38}},"loc":{"start":{"line":17,"column":118},"end":{"line":25,"column":9}}},"2":{"name":"(anonymous_2)","decl":{"start":{"line":53,"column":13},"end":{"line":53,"column":16}},"loc":{"start":{"line":53,"column":18},"end":{"line":98,"column":1}}},"3":{"name":"(anonymous_3)","decl":{"start":{"line":57,"column":15},"end":{"line":57,"column":20}},"loc":{"start":{"line":57,"column":26},"end":{"line":97,"column":5}}},"4":{"name":"(anonymous_4)","decl":{"start":{"line":86,"column":19},"end":{"line":86,"column":22}},"loc":{"start":{"line":86,"column":24},"end":{"line":95,"column":9}}},"5":{"name":"(anonymous_5)","decl":{"start":{"line":100,"column":22},"end":{"line":100,"column":null}},"loc":{"start":{"line":104,"column":7},"end":{"line":115,"column":1}}},"6":{"name":"(anonymous_6)","decl":{"start":{"line":106,"column":39},"end":{"line":106,"column":40}},"loc":{"start":{"line":106,"column":56},"end":{"line":112,"column":5}}},"7":{"name":"(anonymous_7)","decl":{"start":{"line":117,"column":30},"end":{"line":117,"column":31}},"loc":{"start":{"line":131,"column":5},"end":{"line":151,"column":1}}},"8":{"name":"(anonymous_8)","decl":{"start":{"line":142,"column":44},"end":{"line":142,"column":49}},"loc":{"start":{"line":142,"column":67},"end":{"line":147,"column":5}}},"9":{"name":"(anonymous_9)","decl":{"start":{"line":153,"column":23},"end":{"line":153,"column":24}},"loc":{"start":{"line":153,"column":96},"end":{"line":182,"column":1}}},"10":{"name":"(anonymous_10)","decl":{"start":{"line":163,"column":17},"end":{"line":163,"column":22}},"loc":{"start":{"line":163,"column":51},"end":{"line":165,"column":9}}},"11":{"name":"(anonymous_11)","decl":{"start":{"line":175,"column":17},"end":{"line":175,"column":22}},"loc":{"start":{"line":175,"column":51},"end":{"line":177,"column":9}}}},"branchMap":{"0":{"loc":{"start":{"line":9,"column":4},"end":{"line":50,"column":5}},"type":"if","locations":[{"start":{"line":9,"column":4},"end":{"line":50,"column":5}},{"start":{"line":15,"column":11},"end":{"line":50,"column":5}}]},"1":{"loc":{"start":{"line":10,"column":8},"end":{"line":14,"column":9}},"type":"if","locations":[{"start":{"line":10,"column":8},"end":{"line":14,"column":9}}]},"2":{"loc":{"start":{"line":18,"column":12},"end":{"line":23,"column":13}},"type":"if","locations":[{"start":{"line":18,"column":12},"end":{"line":23,"column":13}}]},"3":{"loc":{"start":{"line":19,"column":16},"end":{"line":22,"column":69}},"type":"if","locations":[{"start":{"line":19,"column":16},"end":{"line":22,"column":69}},{"start":{"line":22,"column":20},"end":{"line":22,"column":69}}]},"4":{"loc":{"start":{"line":27,"column":8},"end":{"line":28,"column":null}},"type":"if","locations":[{"start":{"line":27,"column":8},"end":{"line":28,"column":null}}]},"5":{"loc":{"start":{"line":54,"column":4},"end":{"line":55,"column":69}},"type":"if","locations":[{"start":{"line":54,"column":4},"end":{"line":55,"column":69}}]},"6":{"loc":{"start":{"line":59,"column":46},"end":{"line":59,"column":168}},"type":"binary-expr","locations":[{"start":{"line":59,"column":46},"end":{"line":59,"column":160}},{"start":{"line":59,"column":164},"end":{"line":59,"column":168}}]},"7":{"loc":{"start":{"line":61,"column":8},"end":{"line":61,"column":35}},"type":"if","locations":[{"start":{"line":61,"column":8},"end":{"line":61,"column":35}}]},"8":{"loc":{"start":{"line":89,"column":12},"end":{"line":89,"column":45}},"type":"if","locations":[{"start":{"line":89,"column":12},"end":{"line":89,"column":45}}]},"9":{"loc":{"start":{"line":91,"column":12},"end":{"line":92,"column":95}},"type":"if","locations":[{"start":{"line":91,"column":12},"end":{"line":92,"column":95}}]},"10":{"loc":{"start":{"line":102,"column":4},"end":{"line":102,"column":56}},"type":"default-arg","locations":[{"start":{"line":102,"column":54},"end":{"line":102,"column":56}}]},"11":{"loc":{"start":{"line":107,"column":8},"end":{"line":111,"column":9}},"type":"if","locations":[{"start":{"line":107,"column":8},"end":{"line":111,"column":9}},{"start":{"line":109,"column":15},"end":{"line":111,"column":9}}]},"12":{"loc":{"start":{"line":108,"column":12},"end":{"line":108,"column":null}},"type":"if","locations":[{"start":{"line":108,"column":12},"end":{"line":108,"column":null}}]},"13":{"loc":{"start":{"line":113,"column":4},"end":{"line":113,"column":null}},"type":"if","locations":[{"start":{"line":113,"column":4},"end":{"line":113,"column":null}}]},"14":{"loc":{"start":{"line":144,"column":8},"end":{"line":144,"column":25}},"type":"if","locations":[{"start":{"line":144,"column":8},"end":{"line":144,"column":25}}]}},"s":{"0":0,"1":0,"2":0,"3":0,"4":0,"5":0,"6":0,"7":0,"8":0,"9":0,"10":0,"11":0,"12":0,"13":0,"14":0,"15":0,"16":0,"17":0,"18":0,"19":0,"20":0,"21":0,"22":0,"23":0,"24":0,"25":0,"26":0,"27":0,"28":0,"29":0,"30":0,"31":0,"32":0,"33":0,"34":0,"35":0,"36":0,"37":0,"38":0,"39":0,"40":0,"41":0,"42":0,"43":0,"44":0,"45":0,"46":0,"47":0,"48":0,"49":0,"50":0,"51":0,"52":0,"53":0,"54":0,"55":0,"56":0,"57":0,"58":0,"59":0,"60":0,"61":0,"62":0,"63":0,"64":0,"65":0,"66":0,"67":0,"68":0,"69":0,"70":0,"71":0,"72":0,"73":0,"74":0,"75":0,"76":0,"77":0},"f":{"0":0,"1":0,"2":0,"3":0,"4":0,"5":0,"6":0,"7":0,"8":0,"9":0,"10":0,"11":0},"b":{"0":[0,0],"1":[0],"2":[0],"3":[0,0],"4":[0],"5":[0],"6":[0,0],"7":[0],"8":[0],"9":[0],"10":[0],"11":[0,0],"12":[0],"13":[0],"14":[0]}}
,"/home/runner/work/logseq-plugin-left-sidebar-enhance/logseq-plugin-left-sidebar-enhance/src/favAndRecent.ts": {"path":"/home/runner/work/logseq-plugin-left-sidebar-enhance/logseq-plugin-left-sidebar-enhance/src/favAndRecent.ts","statementMap":{"0":{"start":{"line":3,"column":12},"end":{"line":3,"column":30}},"1":{"start":{"line":4,"column":17},"end":{"line":4,"column":22}},"2":{"start":{"line":6,"column":32},"end":{"line":20,"column":1}},"3":{"start":{"line":9,"column":4},"end":{"line":15,"column":null}},"4":{"start":{"line":10,"column":8},"end":{"line":14,"column":47}},"5":{"start":{"line":11,"column":12},"end":{"line":14,"column":47}},"6":{"start":{"line":12,"column":16},"end":{"line":12,"column":null}},"7":{"start":{"line":14,"column":16},"end":{"line":14,"column":47}},"8":{"start":{"line":18,"column":4},"end":{"line":19,"column":null}},"9":{"start":{"line":19,"column":8},"end":{"line":19,"column":null}},"10":{"start":{"line":24,"column":26},"end":{"line":51,"column":1}},"11":{"start":{"line":26,"column":4},"end":{"line":26,"column":26}},"12":{"start":{"line":26,"column":20},"end":{"line":26,"column":26}},"13":{"start":{"line":27,"column":4},"end":{"line":27,"column":null}},"14":{"start":{"line":28,"column":4},"end":{"line":28,"column":null}},"15":{"start":{"line":28,"column":21},"end":{"line":28,"column":39}},"16":{"start":{"line":31,"column":26},"end":{"line":31,"column":93}},"17":{"start":{"line":32,"column":4},"end":{"line":43,"column":5}},"18":{"start":{"line":33,"column":8},"end":{"line":41,"column":null}},"19":{"start":{"line":37,"column":55},"end":{"line":37,"column":131}},"20":{"start":{"line":46,"column":4},"end":{"line":49,"column":null}},"21":{"start":{"line":47,"column":8},"end":{"line":48,"column":null}},"22":{"start":{"line":48,"column":12},"end":{"line":48,"column":null}}},"fnMap":{"0":{"name":"(anonymous_0)","decl":{"start":{"line":6,"column":32},"end":{"line":6,"column":35}},"loc":{"start":{"line":6,"column":37},"end":{"line":20,"column":1}}},"1":{"name":"(anonymous_1)","decl":{"start":{"line":9,"column":29},"end":{"line":9,"column":34}},"loc":{"start":{"line":9,"column":114},"end":{"line":15,"column":5}}},"2":{"name":"(anonymous_2)","decl":{"start":{"line":24,"column":26},"end":{"line":24,"column":31}},"loc":{"start":{"line":24,"column":37},"end":{"line":51,"column":1}}},"3":{"name":"(anonymous_3)","decl":{"start":{"line":28,"column":15},"end":{"line":28,"column":18}},"loc":{"start":{"line":28,"column":21},"end":{"line":28,"column":39}}},"4":{"name":"(anonymous_4)","decl":{"start":{"line":37,"column":44},"end":{"line":37,"column":45}},"loc":{"start":{"line":37,"column":55},"end":{"line":37,"column":131}}},"5":{"name":"(anonymous_5)","decl":{"start":{"line":46,"column":15},"end":{"line":46,"column":18}},"loc":{"start":{"line":46,"column":20},"end":{"line":49,"column":5}}}},"branchMap":{"0":{"loc":{"start":{"line":10,"column":8},"end":{"line":14,"column":47}},"type":"if","locations":[{"start":{"line":10,"column":8},"end":{"line":14,"column":47}}]},"1":{"loc":{"start":{"line":11,"column":12},"end":{"line":14,"column":47}},"type":"if","locations":[{"start":{"line":11,"column":12},"end":{"line":14,"column":47}},{"start":{"line":14,"column":16},"end":{"line":14,"column":47}}]},"2":{"loc":{"start":{"line":18,"column":4},"end":{"line":19,"column":null}},"type":"if","locations":[{"start":{"line":18,"column":4},"end":{"line":19,"column":null}}]},"3":{"loc":{"start":{"line":26,"column":4},"end":{"line":26,"column":26}},"type":"if","locations":[{"start":{"line":26,"column":4},"end":{"line":26,"column":26}}]},"4":{"loc":{"start":{"line":32,"column":4},"end":{"line":43,"column":5}},"type":"if","locations":[{"start":{"line":32,"column":4},"end":{"line":43,"column":5}}]},"5":{"loc":{"start":{"line":32,"column":8},"end":{"line":32,"column":49}},"type":"binary-expr","locations":[{"start":{"line":32,"column":8},"end":{"line":32,"column":21}},{"start":{"line":32,"column":25},"end":{"line":32,"column":49}}]},"6":{"loc":{"start":{"line":47,"column":8},"end":{"line":48,"column":null}},"type":"if","locations":[{"start":{"line":47,"column":8},"end":{"line":48,"column":null}}]}},"s":{"0":0,"1":0,"2":0,"3":0,"4":0,"5":0,"6":0,"7":0,"8":0,"9":0,"10":0,"11":0,"12":0,"13":0,"14":0,"15":0,"16":0,"17":0,"18":0,"19":0,"20":0,"21":0,"22":0},"f":{"0":0,"1":0,"2":0,"3":0,"4":0,"5":0},"b":{"0":[0],"1":[0,0],"2":[0],"3":[0],"4":[0],"5":[0,0],"6":[0]}}
,"/home/runner/work/logseq-plugin-left-sidebar-enhance/logseq-plugin-left-sidebar-enhance/src/headerCommand.ts": {"path":"/home/runner/work/logseq-plugin-left-sidebar-enhance/logseq-plugin-left-sidebar-enhance/src/headerCommand.ts","statementMap":{"0":{"start":{"line":7,"column":30},"end":{"line":17,"column":1}},"1":{"start":{"line":8,"column":24},"end":{"line":8,"column":41}},"2":{"start":{"line":9,"column":4},"end":{"line":16,"column":null}},"3":{"start":{"line":16,"column":19},"end":{"line":16,"column":50}},"4":{"start":{"line":19,"column":29},"end":{"line":27,"column":1}},"5":{"start":{"line":20,"column":22},"end":{"line":20,"column":46}},"6":{"start":{"line":21,"column":4},"end":{"line":26,"column":5}},"7":{"start":{"line":23,"column":9},"end":{"line":25,"column":null}},"8":{"start":{"line":24,"column":12},"end":{"line":24,"column":null}},"9":{"start":{"line":29,"column":21},"end":{"line":39,"column":1}},"10":{"start":{"line":30,"column":25},"end":{"line":30,"column":174}},"11":{"start":{"line":31,"column":4},"end":{"line":38,"column":null}},"12":{"start":{"line":33,"column":8},"end":{"line":33,"column":null}},"13":{"start":{"line":34,"column":8},"end":{"line":34,"column":null}},"14":{"start":{"line":35,"column":8},"end":{"line":35,"column":null}},"15":{"start":{"line":36,"column":8},"end":{"line":36,"column":null}},"16":{"start":{"line":38,"column":8},"end":{"line":38,"column":null}}},"fnMap":{"0":{"name":"(anonymous_0)","decl":{"start":{"line":7,"column":30},"end":{"line":7,"column":31}},"loc":{"start":{"line":7,"column":53},"end":{"line":17,"column":1}}},"1":{"name":"(anonymous_1)","decl":{"start":{"line":16,"column":7},"end":{"line":16,"column":12}},"loc":{"start":{"line":16,"column":19},"end":{"line":16,"column":50}}},"2":{"name":"(anonymous_2)","decl":{"start":{"line":19,"column":29},"end":{"line":19,"column":32}},"loc":{"start":{"line":19,"column":34},"end":{"line":27,"column":1}}},"3":{"name":"(anonymous_3)","decl":{"start":{"line":23,"column":54},"end":{"line":23,"column":59}},"loc":{"start":{"line":23,"column":62},"end":{"line":25,"column":9}}},"4":{"name":"(anonymous_4)","decl":{"start":{"line":29,"column":21},"end":{"line":29,"column":26}},"loc":{"start":{"line":29,"column":52},"end":{"line":39,"column":1}}}},"branchMap":{"0":{"loc":{"start":{"line":21,"column":4},"end":{"line":26,"column":5}},"type":"if","locations":[{"start":{"line":21,"column":4},"end":{"line":26,"column":5}}]},"1":{"loc":{"start":{"line":31,"column":4},"end":{"line":38,"column":null}},"type":"if","locations":[{"start":{"line":31,"column":4},"end":{"line":38,"column":null}},{"start":{"line":38,"column":8},"end":{"line":38,"column":null}}]}},"s":{"0":0,"1":0,"2":0,"3":0,"4":0,"5":0,"6":0,"7":0,"8":0,"9":0,"10":0,"11":0,"12":0,"13":0,"14":0,"15":0,"16":0},"f":{"0":0,"1":0,"2":0,"3":0,"4":0},"b":{"0":[0],"1":[0,0]}}
,"/home/runner/work/logseq-plugin-left-sidebar-enhance/logseq-plugin-left-sidebar-enhance/src/mouseover.ts": {"path":"/home/runner/work/logseq-plugin-left-sidebar-enhance/logseq-plugin-left-sidebar-enhance/src/mouseover.ts","statementMap":{"0":{"start":{"line":6,"column":27},"end":{"line":6,"column":44}},"1":{"start":{"line":7,"column":32},"end":{"line":7,"column":37}},"2":{"start":{"line":9,"column":35},"end":{"line":62,"column":1}},"3":{"start":{"line":11,"column":4},"end":{"line":41,"column":null}},"4":{"start":{"line":12,"column":8},"end":{"line":15,"column":null}},"5":{"start":{"line":13,"column":12},"end":{"line":14,"column":null}},"6":{"start":{"line":14,"column":16},"end":{"line":14,"column":null}},"7":{"start":{"line":18,"column":8},"end":{"line":40,"column":null}},"8":{"start":{"line":21,"column":12},"end":{"line":28,"column":13}},"9":{"start":{"line":24,"column":16},"end":{"line":24,"column":null}},"10":{"start":{"line":25,"column":16},"end":{"line":26,"column":null}},"11":{"start":{"line":26,"column":20},"end":{"line":26,"column":null}},"12":{"start":{"line":27,"column":16},"end":{"line":27,"column":null}},"13":{"start":{"line":31,"column":12},"end":{"line":39,"column":null}},"14":{"start":{"line":33,"column":16},"end":{"line":35,"column":null}},"15":{"start":{"line":34,"column":20},"end":{"line":34,"column":81}},"16":{"start":{"line":37,"column":16},"end":{"line":39,"column":null}},"17":{"start":{"line":39,"column":20},"end":{"line":39,"column":null}},"18":{"start":{"line":44,"column":4},"end":{"line":60,"column":5}},"19":{"start":{"line":47,"column":8},"end":{"line":56,"column":17}},"20":{"start":{"line":48,"column":12},"end":{"line":48,"column":null}},"21":{"start":{"line":49,"column":12},"end":{"line":49,"column":null}},"22":{"start":{"line":51,"column":12},"end":{"line":56,"column":17}},"23":{"start":{"line":52,"column":16},"end":{"line":52,"column":null}},"24":{"start":{"line":54,"column":16},"end":{"line":56,"column":17}},"25":{"start":{"line":55,"column":20},"end":{"line":55,"column":null}},"26":{"start":{"line":59,"column":8},"end":{"line":59,"column":null}},"27":{"start":{"line":64,"column":34},"end":{"line":74,"column":1}},"28":{"start":{"line":65,"column":4},"end":{"line":72,"column":5}},"29":{"start":{"line":67,"column":12},"end":{"line":67,"column":null}},"30":{"start":{"line":68,"column":12},"end":{"line":68,"column":17}},"31":{"start":{"line":70,"column":12},"end":{"line":70,"column":null}},"32":{"start":{"line":71,"column":12},"end":{"line":71,"column":17}},"33":{"start":{"line":78,"column":20},"end":{"line":93,"column":1}},"34":{"start":{"line":81,"column":4},"end":{"line":92,"column":null}},"35":{"start":{"line":83,"column":8},"end":{"line":83,"column":54}},"36":{"start":{"line":83,"column":48},"end":{"line":83,"column":54}},"37":{"start":{"line":84,"column":23},"end":{"line":84,"column":94}},"38":{"start":{"line":85,"column":8},"end":{"line":88,"column":9}},"39":{"start":{"line":86,"column":12},"end":{"line":86,"column":null}},"40":{"start":{"line":87,"column":12},"end":{"line":87,"column":18}},"41":{"start":{"line":89,"column":8},"end":{"line":89,"column":null}},"42":{"start":{"line":91,"column":8},"end":{"line":91,"column":41}},"43":{"start":{"line":96,"column":24},"end":{"line":128,"column":1}},"44":{"start":{"line":98,"column":4},"end":{"line":98,"column":62}},"45":{"start":{"line":98,"column":56},"end":{"line":98,"column":62}},"46":{"start":{"line":100,"column":4},"end":{"line":127,"column":13}},"47":{"start":{"line":102,"column":8},"end":{"line":102,"column":null}},"48":{"start":{"line":103,"column":8},"end":{"line":107,"column":null}},"49":{"start":{"line":104,"column":12},"end":{"line":104,"column":null}},"50":{"start":{"line":105,"column":12},"end":{"line":105,"column":null}},"51":{"start":{"line":106,"column":12},"end":{"line":106,"column":null}},"52":{"start":{"line":109,"column":8},"end":{"line":127,"column":13}},"53":{"start":{"line":111,"column":12},"end":{"line":111,"column":null}},"54":{"start":{"line":112,"column":12},"end":{"line":116,"column":null}},"55":{"start":{"line":113,"column":16},"end":{"line":113,"column":null}},"56":{"start":{"line":114,"column":16},"end":{"line":114,"column":null}},"57":{"start":{"line":115,"column":16},"end":{"line":115,"column":null}},"58":{"start":{"line":118,"column":12},"end":{"line":127,"column":13}},"59":{"start":{"line":120,"column":16},"end":{"line":120,"column":null}},"60":{"start":{"line":121,"column":16},"end":{"line":126,"column":null}},"61":{"start":{"line":122,"column":20},"end":{"line":122,"column":null}},"62":{"start":{"line":123,"column":20},"end":{"line":123,"column":null}},"63":{"start":{"line":124,"column":20},"end":{"line":124,"column":null}},"64":{"start":{"line":125,"column":20},"end":{"line":125,"column":null}}},"fnMap":{"0":{"name":"(anonymous_0)","decl":{"start":{"line":9,"column":35},"end":{"line":9,"column":38}},"loc":{"start":{"line":9,"column":40},"end":{"line":62,"column":1}}},"1":{"name":"(anonymous_1)","decl":{"start":{"line":11,"column":15},"end":{"line":11,"column":18}},"loc":{"start":{"line":11,"column":20},"end":{"line":41,"column":5}}},"2":{"name":"(anonymous_2)","decl":{"start":{"line":12,"column":97},"end":{"line":12,"column":100}},"loc":{"start":{"line":12,"column":102},"end":{"line":15,"column":9}}},"3":{"name":"(anonymous_3)","decl":{"start":{"line":18,"column":33},"end":{"line":18,"column":38}},"loc":{"start":{"line":18,"column":118},"end":{"line":40,"column":9}}},"4":{"name":"(anonymous_4)","decl":{"start":{"line":33,"column":27},"end":{"line":33,"column":30}},"loc":{"start":{"line":34,"column":20},"end":{"line":34,"column":81}}},"5":{"name":"(anonymous_5)","decl":{"start":{"line":64,"column":34},"end":{"line":64,"column":35}},"loc":{"start":{"line":64,"column":54},"end":{"line":74,"column":1}}},"6":{"name":"(anonymous_6)","decl":{"start":{"line":78,"column":20},"end":{"line":78,"column":21}},"loc":{"start":{"line":78,"column":37},"end":{"line":93,"column":1}}},"7":{"name":"(anonymous_7)","decl":{"start":{"line":81,"column":15},"end":{"line":81,"column":18}},"loc":{"start":{"line":81,"column":20},"end":{"line":92,"column":5}}},"8":{"name":"(anonymous_8)","decl":{"start":{"line":96,"column":24},"end":{"line":96,"column":27}},"loc":{"start":{"line":96,"column":29},"end":{"line":128,"column":1}}},"9":{"name":"(anonymous_9)","decl":{"start":{"line":103,"column":19},"end":{"line":103,"column":22}},"loc":{"start":{"line":103,"column":24},"end":{"line":107,"column":9}}},"10":{"name":"(anonymous_10)","decl":{"start":{"line":112,"column":23},"end":{"line":112,"column":26}},"loc":{"start":{"line":112,"column":28},"end":{"line":116,"column":13}}},"11":{"name":"(anonymous_11)","decl":{"start":{"line":121,"column":27},"end":{"line":121,"column":30}},"loc":{"start":{"line":121,"column":32},"end":{"line":126,"column":17}}}},"branchMap":{"0":{"loc":{"start":{"line":13,"column":12},"end":{"line":14,"column":null}},"type":"if","locations":[{"start":{"line":13,"column":12},"end":{"line":14,"column":null}}]},"1":{"loc":{"start":{"line":21,"column":12},"end":{"line":28,"column":13}},"type":"if","locations":[{"start":{"line":21,"column":12},"end":{"line":28,"column":13}}]},"2":{"loc":{"start":{"line":21,"column":16},"end":{"line":22,"column":54}},"type":"binary-expr","locations":[{"start":{"line":21,"column":16},"end":{"line":21,"column":73}},{"start":{"line":22,"column":19},"end":{"line":22,"column":54}}]},"3":{"loc":{"start":{"line":25,"column":16},"end":{"line":26,"column":null}},"type":"if","locations":[{"start":{"line":25,"column":16},"end":{"line":26,"column":null}}]},"4":{"loc":{"start":{"line":31,"column":12},"end":{"line":39,"column":null}},"type":"if","locations":[{"start":{"line":31,"column":12},"end":{"line":39,"column":null}},{"start":{"line":37,"column":16},"end":{"line":39,"column":null}}]},"5":{"loc":{"start":{"line":31,"column":16},"end":{"line":32,"column":54}},"type":"binary-expr","locations":[{"start":{"line":31,"column":16},"end":{"line":31,"column":52}},{"start":{"line":32,"column":19},"end":{"line":32,"column":54}}]},"6":{"loc":{"start":{"line":37,"column":16},"end":{"line":39,"column":null}},"type":"if","locations":[{"start":{"line":37,"column":16},"end":{"line":39,"column":null}}]},"7":{"loc":{"start":{"line":37,"column":20},"end":{"line":38,"column":59}},"type":"binary-expr","locations":[{"start":{"line":37,"column":20},"end":{"line":37,"column":55}},{"start":{"line":38,"column":23},"end":{"line":38,"column":59}}]},"8":{"loc":{"start":{"line":44,"column":4},"end":{"line":60,"column":5}},"type":"if","locations":[{"start":{"line":44,"column":4},"end":{"line":60,"column":5}}]},"9":{"loc":{"start":{"line":47,"column":8},"end":{"line":56,"column":17}},"type":"if","locations":[{"start":{"line":47,"column":8},"end":{"line":56,"column":17}},{"start":{"line":51,"column":12},"end":{"line":56,"column":17}}]},"10":{"loc":{"start":{"line":51,"column":12},"end":{"line":56,"column":17}},"type":"if","locations":[{"start":{"line":51,"column":12},"end":{"line":56,"column":17}},{"start":{"line":54,"column":16},"end":{"line":56,"column":17}}]},"11":{"loc":{"start":{"line":54,"column":16},"end":{"line":56,"column":17}},"type":"if","locations":[{"start":{"line":54,"column":16},"end":{"line":56,"column":17}}]},"12":{"loc":{"start":{"line":65,"column":4},"end":{"line":72,"column":5}},"type":"switch","locations":[{"start":{"line":66,"column":8},"end":{"line":68,"column":17}},{"start":{"line":69,"column":8},"end":{"line":71,"column":17}}]},"13":{"loc":{"start":{"line":83,"column":8},"end":{"line":83,"column":54}},"type":"if","locations":[{"start":{"line":83,"column":8},"end":{"line":83,"column":54}}]},"14":{"loc":{"start":{"line":85,"column":8},"end":{"line":88,"column":9}},"type":"if","locations":[{"start":{"line":85,"column":8},"end":{"line":88,"column":9}}]},"15":{"loc":{"start":{"line":98,"column":4},"end":{"line":98,"column":62}},"type":"if","locations":[{"start":{"line":98,"column":4},"end":{"line":98,"column":62}}]},"16":{"loc":{"start":{"line":100,"column":4},"end":{"line":127,"column":13}},"type":"if","locations":[{"start":{"line":100,"column":4},"end":{"line":127,"column":13}},{"start":{"line":109,"column":8},"end":{"line":127,"column":13}}]},"17":{"loc":{"start":{"line":109,"column":8},"end":{"line":127,"column":13}},"type":"if","locations":[{"start":{"line":109,"column":8},"end":{"line":127,"column":13}},{"start":{"line":118,"column":12},"end":{"line":127,"column":13}}]},"18":{"loc":{"start":{"line":118,"column":12},"end":{"line":127,"column":13}},"type":"if","locations":[{"start":{"line":118,"column":12},"end":{"line":127,"column":13}}]}},"s":{"0":0,"1":0,"2":0,"3":0,"4":0,"5":0,"6":0,"7":0,"8":0,"9":0,"10":0,"11":0,"12":0,"13":0,"14":0,"15":0,"16":0,"17":0,"18":0,"19":0,"20":0,"21":0,"22":0,"23":0,"24":0,"25":0,"26":0,"27":0,"28":0,"29":0,"30":0,"31":0,"32":0,"33":0,"34":0,"35":0,"36":0,"37":0,"38":0,"39":0,"40":0,"41":0,"42":0,"43":0,"44":0,"45":0,"46":0,"47":0,"48":0,"49":0,"50":0,"51":0,"52":0,"53":0,"54":0,"55":0,"56":0,"57":0,"58":0,"59":0,"60":0,"61":0,"62":0,"63":0,"64":0},"f":{"0":0,"1":0,"2":0,"3":0,"4":0,"5":0,"6":0,"7":0,"8":0,"9":0,"10":0,"11":0},"b":{"0":[0],"1":[0],"2":[0,0],"3":[0],"4":[0,0],"5":[0,0],"6":[0],"7":[0,0],"8":[0],"9":[0,0],"10":[0,0],"11":[0],"12":[0,0],"13":[0],"14":[0],"15":[0],"16":[0,0],"17":[0,0],"18":[0]}}
,"/home/runner/work/logseq-plugin-left-sidebar-enhance/logseq-plugin-left-sidebar-enhance/src/settings.ts": {"path":"/home/runner/work/logseq-plugin-left-sidebar-enhance/logseq-plugin-left-sidebar-enhance/src/settings.ts","statementMap":{"0":{"start":{"line":6,"column":32},"end":{"line":87,"column":null}},"1":{"start":{"line":6,"column":59},"end":{"line":87,"column":null}}},"fnMap":{"0":{"name":"(anonymous_0)","decl":{"start":{"line":6,"column":32},"end":{"line":6,"column":56}},"loc":{"start":{"line":6,"column":59},"end":{"line":87,"column":null}}}},"branchMap":{},"s":{"0":0,"1":0},"f":{"0":0},"b":{}}
,"/home/runner/work/logseq-plugin-left-sidebar-enhance/logseq-plugin-left-sidebar-enhance/src/components/vue/App.vue": {"path":"/home/runner/work/logseq-plugin-left-sidebar-enhance/logseq-plugin-left-sidebar-enhance/src/components/vue/App.vue","statementMap":{"0":{"start":{"line":3,"column":16},"end":{"line":29,"column":1}},"1":{"start":{"line":5,"column":4},"end":{"line":7,"column":7}},"2":{"start":{"line":6,"column":6},"end":{"line":6,"column":21}},"3":{"start":{"line":9,"column":2},"end":{"line":28,"column":5}},"4":{"start":{"line":11,"column":6},"end":{"line":15,"column":7}},"5":{"start":{"line":12,"column":8},"end":{"line":12,"column":36}},"6":{"start":{"line":14,"column":8},"end":{"line":14,"column":18}},"7":{"start":{"line":18,"column":6},"end":{"line":22,"column":7}},"8":{"start":{"line":19,"column":8},"end":{"line":19,"column":40}},"9":{"start":{"line":21,"column":8},"end":{"line":21,"column":18}},"10":{"start":{"line":25,"column":6},"end":{"line":25,"column":90}},"11":{"start":{"line":27,"column":4},"end":{"line":27,"column":74}},"12":{"start":{"line":30,"column":18},"end":{"line":113,"column":1}},"13":{"start":{"line":31,"column":10},"end":{"line":39,"column":5}},"14":{"start":{"line":34,"column":8},"end":{"line":34,"column":33}},"15":{"start":{"line":34,"column":22},"end":{"line":34,"column":33}},"16":{"start":{"line":35,"column":8},"end":{"line":35,"column":20}},"17":{"start":{"line":43,"column":8},"end":{"line":43,"column":85}},"18":{"start":{"line":44,"column":2},"end":{"line":46,"column":8}},"19":{"start":{"line":45,"column":4},"end":{"line":45,"column":16}},"20":{"start":{"line":48,"column":4},"end":{"line":50,"column":6}},"21":{"start":{"line":49,"column":6},"end":{"line":49,"column":26}},"22":{"start":{"line":53,"column":4},"end":{"line":53,"column":66}},"23":{"start":{"line":53,"column":11},"end":{"line":53,"column":66}},"24":{"start":{"line":54,"column":4},"end":{"line":106,"column":5}},"25":{"start":{"line":54,"column":46},"end":{"line":106,"column":5}},"26":{"start":{"line":55,"column":6},"end":{"line":55,"column":163}},"27":{"start":{"line":55,"column":154},"end":{"line":55,"column":163}},"28":{"start":{"line":56,"column":6},"end":{"line":56,"column":46}},"29":{"start":{"line":56,"column":20},"end":{"line":56,"column":46}},"30":{"start":{"line":57,"column":6},"end":{"line":99,"column":7}},"31":{"start":{"line":60,"column":10},"end":{"line":60,"column":17}},"32":{"start":{"line":61,"column":10},"end":{"line":61,"column":16}},"33":{"start":{"line":63,"column":10},"end":{"line":63,"column":20}},"34":{"start":{"line":64,"column":10},"end":{"line":67,"column":12}},"35":{"start":{"line":69,"column":10},"end":{"line":69,"column":20}},"36":{"start":{"line":70,"column":10},"end":{"line":70,"column":20}},"37":{"start":{"line":71,"column":10},"end":{"line":71,"column":19}},"38":{"start":{"line":72,"column":10},"end":{"line":72,"column":19}},"39":{"start":{"line":74,"column":10},"end":{"line":74,"column":27}},"40":{"start":{"line":75,"column":10},"end":{"line":75,"column":23}},"41":{"start":{"line":76,"column":10},"end":{"line":76,"column":19}},"42":{"start":{"line":78,"column":10},"end":{"line":81,"column":11}},"43":{"start":{"line":79,"column":12},"end":{"line":79,"column":18}},"44":{"start":{"line":80,"column":12},"end":{"line":80,"column":21}},"45":{"start":{"line":82,"column":10},"end":{"line":85,"column":11}},"46":{"start":{"line":83,"column":12},"end":{"line":83,"column":28}},"47":{"start":{"line":84,"column":12},"end":{"line":84,"column":18}},"48":{"start":{"line":86,"column":10},"end":{"line":90,"column":11}},"49":{"start":{"line":87,"column":12},"end":{"line":87,"column":27}},"50":{"start":{"line":88,"column":12},"end":{"line":88,"column":19}},"51":{"start":{"line":89,"column":12},"end":{"line":89,"column":18}},"52":{"start":{"line":91,"column":10},"end":{"line":95,"column":11}},"53":{"start":{"line":92,"column":12},"end":{"line":92,"column":27}},"54":{"start":{"line":93,"column":12},"end":{"line":93,"column":27}},"55":{"start":{"line":94,"column":12},"end":{"line":94,"column":18}},"56":{"start":{"line":96,"column":10},"end":{"line":96,"column":32}},"57":{"start":{"line":96,"column":20},"end":{"line":96,"column":32}},"58":{"start":{"line":97,"column":10},"end":{"line":97,"column":23}},"59":{"start":{"line":98,"column":10},"end":{"line":98,"column":19}},"60":{"start":{"line":100,"column":6},"end":{"line":100,"column":33}},"61":{"start":{"line":102,"column":6},"end":{"line":102,"column":18}},"62":{"start":{"line":103,"column":6},"end":{"line":103,"column":12}},"63":{"start":{"line":105,"column":6},"end":{"line":105,"column":16}},"64":{"start":{"line":107,"column":4},"end":{"line":107,"column":31}},"65":{"start":{"line":107,"column":19},"end":{"line":107,"column":31}},"66":{"start":{"line":108,"column":4},"end":{"line":111,"column":6}},"67":{"start":{"line":114,"column":0},"end":{"line":116,"column":3}},"68":{"start":{"line":117,"column":12},"end":{"line":117,"column":26}},"69":{"start":{"line":118,"column":12},"end":{"line":118,"column":26}},"70":{"start":{"line":119,"column":21},"end":{"line":119,"column":46}},"71":{"start":{"line":121,"column":28},"end":{"line":121,"column":68}},"72":{"start":{"line":122,"column":31},"end":{"line":122,"column":74}},"73":{"start":{"line":124,"column":0},"end":{"line":303,"column":3}},"74":{"start":{"line":127,"column":16},"end":{"line":127,"column":20}},"75":{"start":{"line":128,"column":19},"end":{"line":128,"column":28}},"76":{"start":{"line":129,"column":22},"end":{"line":129,"column":40}},"77":{"start":{"line":130,"column":26},"end":{"line":130,"column":47}},"78":{"start":{"line":131,"column":23},"end":{"line":131,"column":44}},"79":{"start":{"line":132,"column":19},"end":{"line":141,"column":6}},"80":{"start":{"line":143,"column":31},"end":{"line":143,"column":35}},"81":{"start":{"line":144,"column":22},"end":{"line":144,"column":26}},"82":{"start":{"line":146,"column":28},"end":{"line":148,"column":5}},"83":{"start":{"line":147,"column":6},"end":{"line":147,"column":35}},"84":{"start":{"line":149,"column":29},"end":{"line":151,"column":5}},"85":{"start":{"line":150,"column":6},"end":{"line":150,"column":36}},"86":{"start":{"line":152,"column":25},"end":{"line":154,"column":5}},"87":{"start":{"line":153,"column":6},"end":{"line":153,"column":43}},"88":{"start":{"line":156,"column":28},"end":{"line":175,"column":5}},"89":{"start":{"line":157,"column":6},"end":{"line":174,"column":9}},"90":{"start":{"line":159,"column":8},"end":{"line":173,"column":11}},"91":{"start":{"line":160,"column":10},"end":{"line":172,"column":11}},"92":{"start":{"line":162,"column":14},"end":{"line":162,"column":58}},"93":{"start":{"line":164,"column":14},"end":{"line":164,"column":24}},"94":{"start":{"line":165,"column":14},"end":{"line":165,"column":70}},"95":{"start":{"line":166,"column":14},"end":{"line":170,"column":15}},"96":{"start":{"line":167,"column":16},"end":{"line":169,"column":19}},"97":{"start":{"line":171,"column":14},"end":{"line":171,"column":36}},"98":{"start":{"line":176,"column":31},"end":{"line":199,"column":5}},"99":{"start":{"line":177,"column":6},"end":{"line":198,"column":9}},"100":{"start":{"line":179,"column":8},"end":{"line":197,"column":11}},"101":{"start":{"line":180,"column":10},"end":{"line":196,"column":11}},"102":{"start":{"line":182,"column":14},"end":{"line":182,"column":58}},"103":{"start":{"line":184,"column":14},"end":{"line":184,"column":24}},"104":{"start":{"line":185,"column":14},"end":{"line":185,"column":60}},"105":{"start":{"line":186,"column":14},"end":{"line":194,"column":15}},"106":{"start":{"line":187,"column":16},"end":{"line":193,"column":19}},"107":{"start":{"line":195,"column":14},"end":{"line":195,"column":36}},"108":{"start":{"line":201,"column":4},"end":{"line":208,"column":7}},"109":{"start":{"line":202,"column":6},"end":{"line":207,"column":7}},"110":{"start":{"line":203,"column":8},"end":{"line":206,"column":11}},"111":{"start":{"line":209,"column":4},"end":{"line":218,"column":7}},"112":{"start":{"line":210,"column":6},"end":{"line":210,"column":42}},"113":{"start":{"line":212,"column":6},"end":{"line":217,"column":7}},"114":{"start":{"line":213,"column":8},"end":{"line":213,"column":28}},"115":{"start":{"line":214,"column":13},"end":{"line":217,"column":7}},"116":{"start":{"line":215,"column":8},"end":{"line":215,"column":40}},"117":{"start":{"line":216,"column":8},"end":{"line":216,"column":36}},"118":{"start":{"line":219,"column":4},"end":{"line":228,"column":7}},"119":{"start":{"line":220,"column":6},"end":{"line":220,"column":37}},"120":{"start":{"line":222,"column":6},"end":{"line":227,"column":7}},"121":{"start":{"line":223,"column":8},"end":{"line":223,"column":31}},"122":{"start":{"line":224,"column":13},"end":{"line":227,"column":7}},"123":{"start":{"line":225,"column":8},"end":{"line":225,"column":31}},"124":{"start":{"line":226,"column":8},"end":{"line":226,"column":27}},"125":{"start":{"line":230,"column":4},"end":{"line":255,"column":7}},"126":{"start":{"line":233,"column":6},"end":{"line":235,"column":7}},"127":{"start":{"line":234,"column":8},"end":{"line":234,"column":47}},"128":{"start":{"line":237,"column":6},"end":{"line":239,"column":7}},"129":{"start":{"line":238,"column":8},"end":{"line":238,"column":28}},"130":{"start":{"line":240,"column":6},"end":{"line":242,"column":7}},"131":{"start":{"line":241,"column":8},"end":{"line":241,"column":31}},"132":{"start":{"line":244,"column":26},"end":{"line":249,"column":7}},"133":{"start":{"line":245,"column":8},"end":{"line":248,"column":9}},"134":{"start":{"line":246,"column":10},"end":{"line":246,"column":29}},"135":{"start":{"line":247,"column":10},"end":{"line":247,"column":51}},"136":{"start":{"line":250,"column":6},"end":{"line":250,"column":58}},"137":{"start":{"line":252,"column":6},"end":{"line":254,"column":9}},"138":{"start":{"line":253,"column":8},"end":{"line":253,"column":63}},"139":{"start":{"line":256,"column":4},"end":{"line":264,"column":7}},"140":{"start":{"line":258,"column":6},"end":{"line":260,"column":7}},"141":{"start":{"line":259,"column":8},"end":{"line":259,"column":40}},"142":{"start":{"line":261,"column":6},"end":{"line":263,"column":7}},"143":{"start":{"line":262,"column":8},"end":{"line":262,"column":31}},"144":{"start":{"line":266,"column":4},"end":{"line":272,"column":7}},"145":{"start":{"line":273,"column":23},"end":{"line":296,"column":5}},"146":{"start":{"line":279,"column":8},"end":{"line":279,"column":36}},"147":{"start":{"line":282,"column":8},"end":{"line":282,"column":33}},"148":{"start":{"line":285,"column":8},"end":{"line":285,"column":27}},"149":{"start":{"line":288,"column":8},"end":{"line":288,"column":24}},"150":{"start":{"line":297,"column":4},"end":{"line":300,"column":7}},"151":{"start":{"line":301,"column":4},"end":{"line":301,"column":24}},"152":{"start":{"line":305,"column":0},"end":{"line":305,"column":62}},"153":{"start":{"line":306,"column":0},"end":{"line":306,"column":24}},"154":{"start":{"line":307,"column":12},"end":{"line":307,"column":26}},"155":{"start":{"line":308,"column":17},"end":{"line":308,"column":61}},"156":{"start":{"line":309,"column":17},"end":{"line":312,"column":1}},"157":{"start":{"line":313,"column":17},"end":{"line":316,"column":1}},"158":{"start":{"line":318,"column":4},"end":{"line":334,"column":8}},"159":{"start":{"line":330,"column":67},"end":{"line":330,"column":104}},"160":{"start":{"line":336,"column":1},"end":{"line":336,"column":48}}},"fnMap":{"0":{"name":"(anonymous_0)","decl":{"start":{"line":3,"column":42},"end":{"line":3,"column":43}},"loc":{"start":{"line":3,"column":87},"end":{"line":29,"column":1}},"line":3},"1":{"name":"adopt","decl":{"start":{"line":4,"column":11},"end":{"line":4,"column":16}},"loc":{"start":{"line":4,"column":24},"end":{"line":8,"column":3}},"line":4},"2":{"name":"(anonymous_2)","decl":{"start":{"line":5,"column":46},"end":{"line":5,"column":47}},"loc":{"start":{"line":5,"column":65},"end":{"line":7,"column":5}},"line":5},"3":{"name":"(anonymous_3)","decl":{"start":{"line":9,"column":34},"end":{"line":9,"column":35}},"loc":{"start":{"line":9,"column":61},"end":{"line":28,"column":3}},"line":9},"4":{"name":"fulfilled","decl":{"start":{"line":10,"column":13},"end":{"line":10,"column":22}},"loc":{"start":{"line":10,"column":30},"end":{"line":16,"column":5}},"line":10},"5":{"name":"rejected","decl":{"start":{"line":17,"column":13},"end":{"line":17,"column":21}},"loc":{"start":{"line":17,"column":29},"end":{"line":23,"column":5}},"line":17},"6":{"name":"step","decl":{"start":{"line":24,"column":13},"end":{"line":24,"column":17}},"loc":{"start":{"line":24,"column":26},"end":{"line":26,"column":5}},"line":24},"7":{"name":"(anonymous_7)","decl":{"start":{"line":30,"column":46},"end":{"line":30,"column":47}},"loc":{"start":{"line":30,"column":71},"end":{"line":113,"column":1}},"line":30},"8":{"name":"(anonymous_8)","decl":{"start":{"line":33,"column":12},"end":{"line":33,"column":13}},"loc":{"start":{"line":33,"column":24},"end":{"line":36,"column":7}},"line":33},"9":{"name":"(anonymous_9)","decl":{"start":{"line":44,"column":126},"end":{"line":44,"column":127}},"loc":{"start":{"line":44,"column":138},"end":{"line":46,"column":3}},"line":44},"10":{"name":"verb","decl":{"start":{"line":47,"column":11},"end":{"line":47,"column":15}},"loc":{"start":{"line":47,"column":19},"end":{"line":51,"column":3}},"line":47},"11":{"name":"(anonymous_11)","decl":{"start":{"line":48,"column":11},"end":{"line":48,"column":12}},"loc":{"start":{"line":48,"column":24},"end":{"line":50,"column":5}},"line":48},"12":{"name":"step","decl":{"start":{"line":52,"column":11},"end":{"line":52,"column":15}},"loc":{"start":{"line":52,"column":20},"end":{"line":112,"column":3}},"line":52},"13":{"name":"(anonymous_13)","decl":{"start":{"line":126,"column":9},"end":{"line":126,"column":10}},"loc":{"start":{"line":126,"column":32},"end":{"line":302,"column":3}},"line":126},"14":{"name":"(anonymous_14)","decl":{"start":{"line":146,"column":28},"end":{"line":146,"column":29}},"loc":{"start":{"line":146,"column":58},"end":{"line":148,"column":5}},"line":146},"15":{"name":"(anonymous_15)","decl":{"start":{"line":149,"column":29},"end":{"line":149,"column":30}},"loc":{"start":{"line":149,"column":46},"end":{"line":151,"column":5}},"line":149},"16":{"name":"(anonymous_16)","decl":{"start":{"line":152,"column":25},"end":{"line":152,"column":26}},"loc":{"start":{"line":152,"column":48},"end":{"line":154,"column":5}},"line":152},"17":{"name":"(anonymous_17)","decl":{"start":{"line":156,"column":28},"end":{"line":156,"column":29}},"loc":{"start":{"line":156,"column":40},"end":{"line":175,"column":5}},"line":156},"18":{"name":"(anonymous_18)","decl":{"start":{"line":157,"column":46},"end":{"line":157,"column":47}},"loc":{"start":{"line":157,"column":58},"end":{"line":174,"column":7}},"line":157},"19":{"name":"(anonymous_19)","decl":{"start":{"line":159,"column":33},"end":{"line":159,"column":34}},"loc":{"start":{"line":159,"column":47},"end":{"line":173,"column":9}},"line":159},"20":{"name":"(anonymous_20)","decl":{"start":{"line":176,"column":31},"end":{"line":176,"column":32}},"loc":{"start":{"line":176,"column":43},"end":{"line":199,"column":5}},"line":176},"21":{"name":"(anonymous_21)","decl":{"start":{"line":177,"column":46},"end":{"line":177,"column":47}},"loc":{"start":{"line":177,"column":58},"end":{"line":198,"column":7}},"line":177},"22":{"name":"(anonymous_22)","decl":{"start":{"line":179,"column":33},"end":{"line":179,"column":34}},"loc":{"start":{"line":179,"column":47},"end":{"line":197,"column":9}},"line":179},"23":{"name":"(anonymous_23)","decl":{"start":{"line":201,"column":53},"end":{"line":201,"column":54}},"loc":{"start":{"line":201,"column":65},"end":{"line":208,"column":5}},"line":201},"24":{"name":"(anonymous_24)","decl":{"start":{"line":209,"column":21},"end":{"line":209,"column":22}},"loc":{"start":{"line":209,"column":33},"end":{"line":211,"column":5}},"line":209},"25":{"name":"(anonymous_25)","decl":{"start":{"line":211,"column":7},"end":{"line":211,"column":8}},"loc":{"start":{"line":211,"column":25},"end":{"line":218,"column":5}},"line":211},"26":{"name":"(anonymous_26)","decl":{"start":{"line":219,"column":21},"end":{"line":219,"column":22}},"loc":{"start":{"line":219,"column":33},"end":{"line":221,"column":5}},"line":219},"27":{"name":"(anonymous_27)","decl":{"start":{"line":221,"column":7},"end":{"line":221,"column":8}},"loc":{"start":{"line":221,"column":25},"end":{"line":228,"column":5}},"line":221},"28":{"name":"(anonymous_28)","decl":{"start":{"line":230,"column":25},"end":{"line":230,"column":26}},"loc":{"start":{"line":230,"column":37},"end":{"line":255,"column":5}},"line":230},"29":{"name":"(anonymous_29)","decl":{"start":{"line":244,"column":26},"end":{"line":244,"column":27}},"loc":{"start":{"line":244,"column":39},"end":{"line":249,"column":7}},"line":244},"30":{"name":"(anonymous_30)","decl":{"start":{"line":252,"column":29},"end":{"line":252,"column":30}},"loc":{"start":{"line":252,"column":41},"end":{"line":254,"column":7}},"line":252},"31":{"name":"(anonymous_31)","decl":{"start":{"line":256,"column":27},"end":{"line":256,"column":28}},"loc":{"start":{"line":256,"column":39},"end":{"line":264,"column":5}},"line":256},"32":{"name":"(anonymous_32)","decl":{"start":{"line":278,"column":6},"end":{"line":278,"column":7}},"loc":{"start":{"line":278,"column":33},"end":{"line":280,"column":7}},"line":278},"33":{"name":"(anonymous_33)","decl":{"start":{"line":281,"column":6},"end":{"line":281,"column":7}},"loc":{"start":{"line":281,"column":34},"end":{"line":283,"column":7}},"line":281},"34":{"name":"(anonymous_34)","decl":{"start":{"line":284,"column":6},"end":{"line":284,"column":7}},"loc":{"start":{"line":284,"column":24},"end":{"line":286,"column":7}},"line":284},"35":{"name":"(anonymous_35)","decl":{"start":{"line":287,"column":6},"end":{"line":287,"column":7}},"loc":{"start":{"line":287,"column":25},"end":{"line":289,"column":7}},"line":287},"36":{"name":"render","decl":{"start":{"line":317,"column":9},"end":{"line":317,"column":15}},"loc":{"start":{"line":317,"column":63},"end":{"line":335,"column":1}},"line":317},"37":{"name":"(anonymous_37)","decl":{"start":{"line":330,"column":47},"end":{"line":330,"column":48}},"loc":{"start":{"line":330,"column":65},"end":{"line":330,"column":106}},"line":330}},"branchMap":{"0":{"loc":{"start":{"line":3,"column":16},"end":{"line":29,"column":1}},"type":"binary-expr","locations":[{"start":{"line":3,"column":16},"end":{"line":3,"column":20}},{"start":{"line":3,"column":24},"end":{"line":3,"column":38}},{"start":{"line":3,"column":42},"end":{"line":29,"column":1}}],"line":3},"1":{"loc":{"start":{"line":5,"column":11},"end":{"line":7,"column":6}},"type":"cond-expr","locations":[{"start":{"line":5,"column":32},"end":{"line":5,"column":37}},{"start":{"line":5,"column":40},"end":{"line":7,"column":6}}],"line":5},"2":{"loc":{"start":{"line":9,"column":14},"end":{"line":9,"column":32}},"type":"binary-expr","locations":[{"start":{"line":9,"column":14},"end":{"line":9,"column":15}},{"start":{"line":9,"column":20},"end":{"line":9,"column":31}}],"line":9},"3":{"loc":{"start":{"line":25,"column":6},"end":{"line":25,"column":89}},"type":"cond-expr","locations":[{"start":{"line":25,"column":20},"end":{"line":25,"column":41}},{"start":{"line":25,"column":44},"end":{"line":25,"column":89}}],"line":25},"4":{"loc":{"start":{"line":27,"column":47},"end":{"line":27,"column":63}},"type":"binary-expr","locations":[{"start":{"line":27,"column":47},"end":{"line":27,"column":57}},{"start":{"line":27,"column":61},"end":{"line":27,"column":63}}],"line":27},"5":{"loc":{"start":{"line":30,"column":18},"end":{"line":113,"column":1}},"type":"binary-expr","locations":[{"start":{"line":30,"column":18},"end":{"line":30,"column":22}},{"start":{"line":30,"column":26},"end":{"line":30,"column":42}},{"start":{"line":30,"column":46},"end":{"line":113,"column":1}}],"line":30},"6":{"loc":{"start":{"line":34,"column":8},"end":{"line":34,"column":33}},"type":"if","locations":[{"start":{"line":34,"column":8},"end":{"line":34,"column":33}},{"start":{},"end":{}}],"line":34},"7":{"loc":{"start":{"line":43,"column":23},"end":{"line":43,"column":73}},"type":"cond-expr","locations":[{"start":{"line":43,"column":56},"end":{"line":43,"column":64}},{"start":{"line":43,"column":67},"end":{"line":43,"column":73}}],"line":43},"8":{"loc":{"start":{"line":44,"column":72},"end":{"line":46,"column":4}},"type":"binary-expr","locations":[{"start":{"line":44,"column":72},"end":{"line":44,"column":100}},{"start":{"line":44,"column":105},"end":{"line":46,"column":3}}],"line":44},"9":{"loc":{"start":{"line":53,"column":4},"end":{"line":53,"column":66}},"type":"if","locations":[{"start":{"line":53,"column":4},"end":{"line":53,"column":66}},{"start":{},"end":{}}],"line":53},"10":{"loc":{"start":{"line":54,"column":11},"end":{"line":54,"column":41}},"type":"binary-expr","locations":[{"start":{"line":54,"column":11},"end":{"line":54,"column":12}},{"start":{"line":54,"column":17},"end":{"line":54,"column":40}}],"line":54},"11":{"loc":{"start":{"line":54,"column":24},"end":{"line":54,"column":40}},"type":"binary-expr","locations":[{"start":{"line":54,"column":24},"end":{"line":54,"column":29}},{"start":{"line":54,"column":34},"end":{"line":54,"column":39}}],"line":54},"12":{"loc":{"start":{"line":55,"column":6},"end":{"line":55,"column":163}},"type":"if","locations":[{"start":{"line":55,"column":6},"end":{"line":55,"column":163}},{"start":{},"end":{}}],"line":55},"13":{"loc":{"start":{"line":55,"column":17},"end":{"line":55,"column":152}},"type":"binary-expr","locations":[{"start":{"line":55,"column":17},"end":{"line":55,"column":18}},{"start":{"line":55,"column":23},"end":{"line":55,"column":119}},{"start":{"line":55,"column":124},"end":{"line":55,"column":152}}],"line":55},"14":{"loc":{"start":{"line":55,"column":27},"end":{"line":55,"column":119}},"type":"cond-expr","locations":[{"start":{"line":55,"column":39},"end":{"line":55,"column":50}},{"start":{"line":55,"column":53},"end":{"line":55,"column":119}}],"line":55},"15":{"loc":{"start":{"line":55,"column":53},"end":{"line":55,"column":119}},"type":"cond-expr","locations":[{"start":{"line":55,"column":61},"end":{"line":55,"column":110}},{"start":{"line":55,"column":113},"end":{"line":55,"column":119}}],"line":55},"16":{"loc":{"start":{"line":55,"column":61},"end":{"line":55,"column":110}},"type":"binary-expr","locations":[{"start":{"line":55,"column":61},"end":{"line":55,"column":71}},{"start":{"line":55,"column":76},"end":{"line":55,"column":109}}],"line":55},"17":{"loc":{"start":{"line":55,"column":76},"end":{"line":55,"column":106}},"type":"binary-expr","locations":[{"start":{"line":55,"column":77},"end":{"line":55,"column":92}},{"start":{"line":55,"column":97},"end":{"line":55,"column":106}}],"line":55},"18":{"loc":{"start":{"line":56,"column":6},"end":{"line":56,"column":46}},"type":"if","locations":[{"start":{"line":56,"column":6},"end":{"line":56,"column":46}},{"start":{},"end":{}}],"line":56},"19":{"loc":{"start":{"line":57,"column":6},"end":{"line":99,"column":7}},"type":"switch","locations":[{"start":{"line":58,"column":8},"end":{"line":58,"column":15}},{"start":{"line":59,"column":8},"end":{"line":61,"column":16}},{"start":{"line":62,"column":8},"end":{"line":67,"column":12}},{"start":{"line":68,"column":8},"end":{"line":72,"column":19}},{"start":{"line":73,"column":8},"end":{"line":76,"column":19}},{"start":{"line":77,"column":8},"end":{"line":98,"column":19}}],"line":57},"20":{"loc":{"start":{"line":78,"column":10},"end":{"line":81,"column":11}},"type":"if","locations":[{"start":{"line":78,"column":10},"end":{"line":81,"column":11}},{"start":{},"end":{}}],"line":78},"21":{"loc":{"start":{"line":78,"column":14},"end":{"line":78,"column":96}},"type":"binary-expr","locations":[{"start":{"line":78,"column":14},"end":{"line":78,"column":64}},{"start":{"line":78,"column":69},"end":{"line":78,"column":80}},{"start":{"line":78,"column":84},"end":{"line":78,"column":95}}],"line":78},"22":{"loc":{"start":{"line":78,"column":32},"end":{"line":78,"column":63}},"type":"binary-expr","locations":[{"start":{"line":78,"column":32},"end":{"line":78,"column":44}},{"start":{"line":78,"column":48},"end":{"line":78,"column":63}}],"line":78},"23":{"loc":{"start":{"line":82,"column":10},"end":{"line":85,"column":11}},"type":"if","locations":[{"start":{"line":82,"column":10},"end":{"line":85,"column":11}},{"start":{},"end":{}}],"line":82},"24":{"loc":{"start":{"line":82,"column":14},"end":{"line":82,"column":65}},"type":"binary-expr","locations":[{"start":{"line":82,"column":14},"end":{"line":82,"column":25}},{"start":{"line":82,"column":30},"end":{"line":82,"column":32}},{"start":{"line":82,"column":36},"end":{"line":82,"column":48}},{"start":{"line":82,"column":52},"end":{"line":82,"column":64}}],"line":82},"25":{"loc":{"start":{"line":86,"column":10},"end":{"line":90,"column":11}},"type":"if","locations":[{"start":{"line":86,"column":10},"end":{"line":90,"column":11}},{"start":{},"end":{}}],"line":86},"26":{"loc":{"start":{"line":86,"column":14},"end":{"line":86,"column":43}},"type":"binary-expr","locations":[{"start":{"line":86,"column":14},"end":{"line":86,"column":25}},{"start":{"line":86,"column":29},"end":{"line":86,"column":43}}],"line":86},"27":{"loc":{"start":{"line":91,"column":10},"end":{"line":95,"column":11}},"type":"if","locations":[{"start":{"line":91,"column":10},"end":{"line":95,"column":11}},{"start":{},"end":{}}],"line":91},"28":{"loc":{"start":{"line":91,"column":14},"end":{"line":91,"column":33}},"type":"binary-expr","locations":[{"start":{"line":91,"column":14},"end":{"line":91,"column":15}},{"start":{"line":91,"column":19},"end":{"line":91,"column":33}}],"line":91},"29":{"loc":{"start":{"line":96,"column":10},"end":{"line":96,"column":32}},"type":"if","locations":[{"start":{"line":96,"column":10},"end":{"line":96,"column":32}},{"start":{},"end":{}}],"line":96},"30":{"loc":{"start":{"line":107,"column":4},"end":{"line":107,"column":31}},"type":"if","locations":[{"start":{"line":107,"column":4},"end":{"line":107,"column":31}},{"start":{},"end":{}}],"line":107},"31":{"loc":{"start":{"line":109,"column":13},"end":{"line":109,"column":35}},"type":"cond-expr","locations":[{"start":{"line":109,"column":21},"end":{"line":109,"column":26}},{"start":{"line":109,"column":29},"end":{"line":109,"column":35}}],"line":109},"32":{"loc":{"start":{"line":160,"column":10},"end":{"line":172,"column":11}},"type":"switch","locations":[{"start":{"line":161,"column":12},"end":{"line":162,"column":58}},{"start":{"line":163,"column":12},"end":{"line":171,"column":36}}],"line":160},"33":{"loc":{"start":{"line":166,"column":14},"end":{"line":170,"column":15}},"type":"if","locations":[{"start":{"line":166,"column":14},"end":{"line":170,"column":15}},{"start":{},"end":{}}],"line":166},"34":{"loc":{"start":{"line":166,"column":18},"end":{"line":166,"column":49}},"type":"binary-expr","locations":[{"start":{"line":166,"column":18},"end":{"line":166,"column":24}},{"start":{"line":166,"column":28},"end":{"line":166,"column":49}}],"line":166},"35":{"loc":{"start":{"line":180,"column":10},"end":{"line":196,"column":11}},"type":"switch","locations":[{"start":{"line":181,"column":12},"end":{"line":182,"column":58}},{"start":{"line":183,"column":12},"end":{"line":195,"column":36}}],"line":180},"36":{"loc":{"start":{"line":186,"column":14},"end":{"line":194,"column":15}},"type":"if","locations":[{"start":{"line":186,"column":14},"end":{"line":194,"column":15}},{"start":{},"end":{}}],"line":186},"37":{"loc":{"start":{"line":186,"column":18},"end":{"line":186,"column":40}},"type":"binary-expr","locations":[{"start":{"line":186,"column":18},"end":{"line":186,"column":24}},{"start":{"line":186,"column":28},"end":{"line":186,"column":40}}],"line":186},"38":{"loc":{"start":{"line":202,"column":6},"end":{"line":207,"column":7}},"type":"if","locations":[{"start":{"line":202,"column":6},"end":{"line":207,"column":7}},{"start":{},"end":{}}],"line":202},"39":{"loc":{"start":{"line":212,"column":6},"end":{"line":217,"column":7}},"type":"if","locations":[{"start":{"line":212,"column":6},"end":{"line":217,"column":7}},{"start":{"line":214,"column":13},"end":{"line":217,"column":7}}],"line":212},"40":{"loc":{"start":{"line":214,"column":13},"end":{"line":217,"column":7}},"type":"if","locations":[{"start":{"line":214,"column":13},"end":{"line":217,"column":7}},{"start":{},"end":{}}],"line":214},"41":{"loc":{"start":{"line":222,"column":6},"end":{"line":227,"column":7}},"type":"if","locations":[{"start":{"line":222,"column":6},"end":{"line":227,"column":7}},{"start":{"line":224,"column":13},"end":{"line":227,"column":7}}],"line":222},"42":{"loc":{"start":{"line":224,"column":13},"end":{"line":227,"column":7}},"type":"if","locations":[{"start":{"line":224,"column":13},"end":{"line":227,"column":7}},{"start":{},"end":{}}],"line":224},"43":{"loc":{"start":{"line":233,"column":6},"end":{"line":235,"column":7}},"type":"if","locations":[{"start":{"line":233,"column":6},"end":{"line":235,"column":7}},{"start":{},"end":{}}],"line":233},"44":{"loc":{"start":{"line":233,"column":10},"end":{"line":233,"column":79}},"type":"cond-expr","locations":[{"start":{"line":233,"column":59},"end":{"line":233,"column":65}},{"start":{"line":233,"column":68},"end":{"line":233,"column":79}}],"line":233},"45":{"loc":{"start":{"line":233,"column":10},"end":{"line":233,"column":56}},"type":"binary-expr","locations":[{"start":{"line":233,"column":10},"end":{"line":233,"column":39}},{"start":{"line":233,"column":43},"end":{"line":233,"column":56}}],"line":233},"46":{"loc":{"start":{"line":237,"column":6},"end":{"line":239,"column":7}},"type":"if","locations":[{"start":{"line":237,"column":6},"end":{"line":239,"column":7}},{"start":{},"end":{}}],"line":237},"47":{"loc":{"start":{"line":240,"column":6},"end":{"line":242,"column":7}},"type":"if","locations":[{"start":{"line":240,"column":6},"end":{"line":242,"column":7}},{"start":{},"end":{}}],"line":240},"48":{"loc":{"start":{"line":245,"column":8},"end":{"line":248,"column":9}},"type":"if","locations":[{"start":{"line":245,"column":8},"end":{"line":248,"column":9}},{"start":{},"end":{}}],"line":245},"49":{"loc":{"start":{"line":245,"column":12},"end":{"line":245,"column":52}},"type":"binary-expr","locations":[{"start":{"line":245,"column":12},"end":{"line":245,"column":21}},{"start":{"line":245,"column":25},"end":{"line":245,"column":35}},{"start":{"line":245,"column":39},"end":{"line":245,"column":52}}],"line":245},"50":{"loc":{"start":{"line":258,"column":6},"end":{"line":260,"column":7}},"type":"if","locations":[{"start":{"line":258,"column":6},"end":{"line":260,"column":7}},{"start":{},"end":{}}],"line":258},"51":{"loc":{"start":{"line":261,"column":6},"end":{"line":263,"column":7}},"type":"if","locations":[{"start":{"line":261,"column":6},"end":{"line":263,"column":7}},{"start":{},"end":{}}],"line":261},"52":{"loc":{"start":{"line":320,"column":8},"end":{"line":322,"column":57}},"type":"cond-expr","locations":[{"start":{"line":321,"column":15},"end":{"line":321,"column":87}},{"start":{"line":322,"column":14},"end":{"line":322,"column":57}}],"line":320},"53":{"loc":{"start":{"line":323,"column":8},"end":{"line":325,"column":57}},"type":"cond-expr","locations":[{"start":{"line":324,"column":15},"end":{"line":324,"column":87}},{"start":{"line":325,"column":14},"end":{"line":325,"column":57}}],"line":323},"54":{"loc":{"start":{"line":330,"column":21},"end":{"line":330,"column":107}},"type":"binary-expr","locations":[{"start":{"line":330,"column":21},"end":{"line":330,"column":30}},{"start":{"line":330,"column":35},"end":{"line":330,"column":106}}],"line":330}},"s":{"0":0,"1":0,"2":0,"3":0,"4":0,"5":0,"6":0,"7":0,"8":0,"9":0,"10":0,"11":0,"12":0,"13":0,"14":0,"15":0,"16":0,"17":0,"18":0,"19":0,"20":0,"21":0,"22":0,"23":0,"24":0,"25":0,"26":0,"27":0,"28":0,"29":0,"30":0,"31":0,"32":0,"33":0,"34":0,"35":0,"36":0,"37":0,"38":0,"39":0,"40":0,"41":0,"42":0,"43":0,"44":0,"45":0,"46":0,"47":0,"48":0,"49":0,"50":0,"51":0,"52":0,"53":0,"54":0,"55":0,"56":0,"57":0,"58":0,"59":0,"60":0,"61":0,"62":0,"63":0,"64":0,"65":0,"66":0,"67":0,"68":0,"69":0,"70":0,"71":0,"72":0,"73":0,"74":0,"75":0,"76":0,"77":0,"78":0,"79":0,"80":0,"81":0,"82":0,"83":0,"84":0,"85":0,"86":0,"87":0,"88":0,"89":0,"90":0,"91":0,"92":0,"93":0,"94":0,"95":0,"96":0,"97":0,"98":0,"99":0,"100":0,"101":0,"102":0,"103":0,"104":0,"105":0,"106":0,"107":0,"108":0,"109":0,"110":0,"111":0,"112":0,"113":0,"114":0,"115":0,"116":0,"117":0,"118":0,"119":0,"120":0,"121":0,"122":0,"123":0,"124":0,"125":0,"126":0,"127":0,"128":0,"129":0,"130":0,"131":0,"132":0,"133":0,"134":0,"135":0,"136":0,"137":0,"138":0,"139":0,"140":0,"141":0,"142":0,"143":0,"144":0,"145":0,"146":0,"147":0,"148":0,"149":0,"150":0,"151":0,"152":0,"153":0,"154":0,"155":0,"156":0,"157":0,"158":0,"159":0,"160":0},"f":{"0":0,"1":0,"2":0,"3":0,"4":0,"5":0,"6":0,"7":0,"8":0,"9":0,"10":0,"11":0,"12":0,"13":0,"14":0,"15":0,"16":0,"17":0,"18":0,"19":0,"20":0,"21":0,"22":0,"23":0,"24":0,"25":0,"26":0,"27":0,"28":0,"29":0,"30":0,"31":0,"32":0,"33":0,"34":0,"35":0,"36":0,"37":0},"b":{"0":[0,0,0],"1":[0,0],"2":[0,0],"3":[0,0],"4":[0,0],"5":[0,0,0],"6":[0,0],"7":[0,0],"8":[0,0],"9":[0,0],"10":[0,0],"11":[0,0],"12":[0,0],"13":[0,0,0],"14":[0,0],"15":[0,0],"16":[0,0],"17":[0,0],"18":[0,0],"19":[0,0,0,0,0,0],"20":[0,0],"21":[0,0,0],"22":[0,0],"23":[0,0],"24":[0,0,0,0],"25":[0,0],"26":[0,0],"27":[0,0],"28":[0,0],"29":[0,0],"30":[0,0],"31":[0,0],"32":[0,0],"33":[0,0],"34":[0,0],"35":[0,0],"36":[0,0],"37":[0,0],"38":[0,0],"39":[0,0],"40":[0,0],"41":[0,0],"42":[0,0],"43":[0,0],"44":[0,0],"45":[0,0],"46":[0,0],"47":[0,0],"48":[0,0],"49":[0,0,0],"50":[0,0],"51":[0,0],"52":[0,0],"53":[0,0],"54":[0,0]},"inputSourceMap":{"0":"{","1":"\"","2":"v","3":"e","4":"r","5":"s","6":"i","7":"o","8":"n","9":"\"","10":":","11":"3","12":",","13":"\"","14":"s","15":"o","16":"u","17":"r","18":"c","19":"e","20":"s","21":"\"","22":":","23":"[","24":"\"","25":"/","26":"h","27":"o","28":"m","29":"e","30":"/","31":"r","32":"u","33":"n","34":"n","35":"e","36":"r","37":"/","38":"w","39":"o","40":"r","41":"k","42":"/","43":"l","44":"o","45":"g","46":"s","47":"e","48":"q","49":"-","50":"p","51":"l","52":"u","53":"g","54":"i","55":"n","56":"-","57":"l","58":"e","59":"f","60":"t","61":"-","62":"s","63":"i","64":"d","65":"e","66":"b","67":"a","68":"r","69":"-","70":"e","71":"n","72":"h","73":"a","74":"n","75":"c","76":"e","77":"/","78":"l","79":"o","80":"g","81":"s","82":"e","83":"q","84":"-","85":"p","86":"l","87":"u","88":"g","89":"i","90":"n","91":"-","92":"l","93":"e","94":"f","95":"t","96":"-","97":"s","98":"i","99":"d","100":"e","101":"b","102":"a","103":"r","104":"-","105":"e","106":"n","107":"h","108":"a","109":"n","110":"c","111":"e","112":"/","113":"s","114":"r","115":"c","116":"/","117":"c","118":"o","119":"m","120":"p","121":"o","122":"n","123":"e","124":"n","125":"t","126":"s","127":"/","128":"v","129":"u","130":"e","131":"/","132":"A","133":"p","134":"p","135":".","136":"v","137":"u","138":"e","139":"\"","140":"]","141":",","142":"\"","143":"n","144":"a","145":"m","146":"e","147":"s","148":"\"","149":":","150":"[","151":"]","152":",","153":"\"","154":"m","155":"a","156":"p","157":"p","158":"i","159":"n","160":"g","161":"s","162":"\"","163":":","164":"\"","165":";","166":";","167":"A","168":"A","169":"m","170":"B","171":"A","172":",","173":"I","174":"A","175":"A","176":"I","177":",","178":"S","179":"A","180":"A","181":"S","182":",","183":"G","184":"A","185":"A","186":"I","187":",","188":"I","189":"A","190":"A","191":"I","192":",","193":"I","194":"A","195":"A","196":"I","197":",","198":"I","199":"A","200":"A","201":"I","202":",","203":"C","204":"A","205":"A","206":"C","207":",","208":"S","209":"A","210":"A","211":"S","212":",","213":"I","214":"A","215":"A","216":"K","217":",","218":"U","219":"A","220":"A","221":"U","222":",","223":"O","224":"A","225":"A","226":"O","227":",","228":"E","229":"A","230":"A","231":"E","232":",","233":"U","234":"A","235":"A","236":"U","237":",","238":"E","239":"A","240":"A","241":"E","242":",","243":"C","244":"A","245":"A","246":"C","247":",","248":"E","249":"A","250":"A","251":"E","252":",","253":"S","254":"A","255":"A","256":"S","257":",","258":"E","259":"A","260":"A","261":"E","262":";","263":"E","264":"A","265":"C","266":"r","267":"F","268":",","269":"S","270":"A","271":"A","272":"S","273":",","274":"K","275":"A","276":"A","277":"K","278":",","279":"C","280":"A","281":"A","282":"C","283":",","284":"K","285":"A","286":"A","287":"K","288":",","289":"E","290":"A","291":"A","292":"E","293":";","294":"I","295":"A","296":"A","297":"E","298":",","299":"O","300":"A","301":"A","302":"O","303":",","304":"K","305":"A","306":"A","307":"K","308":",","309":"Y","310":"A","311":"A","312":"Y","313":",","314":"C","315":"A","316":"A","317":"C","318":",","319":"G","320":"A","321":"A","322":"G","323":",","324":"K","325":"A","326":"A","327":"K","328":",","329":"G","330":"A","331":"A","332":"G","333":",","334":"I","335":"A","336":"A","337":"I","338":",","339":"C","340":"A","341":"A","342":"C","343":",","344":"C","345":"A","346":"A","347":"C","348":",","349":"U","350":"A","351":"A","352":"U","353":",","354":"O","355":"A","356":"A","357":"O","358":",","359":"E","360":"A","361":"A","362":"E","363":";","364":"M","365":"A","366":"A","367":"E","368":",","369":"O","370":"A","371":"A","372":"O","373":",","374":"C","375":"A","376":"A","377":"C","378":",","379":"K","380":"A","381":"A","382":"K","383":",","384":"C","385":"A","386":"A","387":"C","388":";","389":"I","390":"A","391":"A","392":"E","393":",","394":"C","395":"A","396":"A","397":"C","398":",","399":"C","400":"A","401":"A","402":"C","403":";","404":"E","405":"A","406":"A","407":"E","408":";","409":"E","410":"A","411":"C","412":"3","413":"G","414":",","415":"O","416":"A","417":"A","418":"O","419":",","420":"K","421":"A","422":"A","423":"K","424":",","425":"C","426":"A","427":"A","428":"C","429":",","430":"K","431":"A","432":"A","433":"K","434":",","435":"C","436":"A","437":"A","438":"C","439":",","440":"G","441":"A","442":"A","443":"G","444":",","445":"O","446":"A","447":"A","448":"O","449":",","450":"C","451":"A","452":"A","453":"C","454":",","455":"E","456":"A","457":"A","458":"E","459":",","460":"U","461":"A","462":"A","463":"U","464":",","465":"O","466":"A","467":"A","468":"O","469":",","470":"E","471":"A","472":"A","473":"E","474":",","475":"M","476":"A","477":"A","478":"M","479":",","480":"E","481":"A","482":"A","483":"E","484":";","485":";","486":";","487":";","488":";","489":";","490":";","491":";","492":"I","493":"A","494":"E","495":"v","496":"D","497":",","498":"S","499":"A","500":"A","501":"S","502":",","503":"Q","504":"A","505":"A","506":"Q","507":",","508":"C","509":"A","510":"A","511":"C","512":",","513":"K","514":"A","515":"A","516":"K","517":",","518":"E","519":"A","520":"A","521":"E","522":";","523":"M","524":"A","525":"A","526":"E","527":",","528":"I","529":"A","530":"A","531":"I","532":";","533":"Q","534":"A","535":"A","536":"E","537":",","538":"I","539":"A","540":"A","541":"I","542":",","543":"C","544":"A","545":"A","546":"C","547":",","548":"S","549":"A","550":"A","551":"S","552":",","553":"C","554":"A","555":"A","556":"C","557":",","558":"O","559":"A","560":"A","561":"O","562":",","563":"C","564":"A","565":"A","566":"C","567":",","568":"C","569":"A","570":"A","571":"C","572":",","573":"K","574":"A","575":"A","576":"K","577":",","578":"C","579":"A","580":"A","581":"C","582":",","583":"C","584":"A","585":"A","586":"C","587":";","588":"M","589":"A","590":"A","591":"E","592":",","593":"C","594":"A","595":"A","596":"C","597":",","598":"C","599":"A","600":"A","601":"C","602":",","603":"O","604":"A","605":"A","606":"O","607":",","608":"C","609":"A","610":"A","611":"C","612":",","613":"E","614":"A","615":"A","616":"E","617":";","618":"Q","619":"A","620":"A","621":"E","622":",","623":"M","624":"A","625":"A","626":"M","627":",","628":"C","629":"A","630":"A","631":"C","632":",","633":"C","634":"A","635":"A","636":"C","637":",","638":"C","639":"A","640":"A","641":"C","642":";","643":"M","644":"A","645":"A","646":"E","647":";","648":"I","649":"A","650":"A","651":"E","652":";","653":"I","654":"A","655":"C","656":"7","657":"F","658":",","659":"S","660":"A","661":"A","662":"S","663":",","664":"I","665":"A","666":"A","667":"I","668":",","669":"C","670":"A","671":"A","672":"C","673":",","674":"M","675":"A","676":"A","677":"M","678":",","679":"E","680":"A","681":"A","682":"E","683":";","684":"M","685":"A","686":"A","687":"E","688":",","689":"M","690":"A","691":"A","692":"M","693":",","694":"C","695":"A","696":"A","697":"C","698":",","699":"I","700":"A","701":"A","702":"I","703":",","704":"G","705":"A","706":"A","707":"G","708":",","709":"O","710":"A","711":"A","712":"O","713":",","714":"C","715":"A","716":"A","717":"C","718":",","719":"M","720":"A","721":"A","722":"M","723":",","724":"C","725":"A","726":"A","727":"C","728":",","729":"K","730":"A","731":"A","732":"K","733":",","734":"C","735":"A","736":"A","737":"C","738":",","739":"G","740":"A","741":"A","742":"G","743":",","744":"K","745":"A","746":"A","747":"K","748":",","749":"C","750":"A","751":"A","752":"C","753":",","754":"M","755":"A","756":"A","757":"M","758":",","759":"C","760":"A","761":"A","762":"C","763":",","764":"K","765":"A","766":"A","767":"K","768":",","769":"C","770":"A","771":"A","772":"C","773":",","774":"C","775":"A","776":"A","777":"C","778":",","779":"I","780":"A","781":"A","782":"I","783":",","784":"C","785":"A","786":"A","787":"C","788":",","789":"S","790":"A","791":"A","792":"S","793":",","794":"E","795":"A","796":"A","797":"E","798":",","799":"Q","800":"A","801":"A","802":"Q","803":",","804":"C","805":"A","806":"A","807":"C","808":";","809":"I","810":"A","811":"A","812":"E","813":";","814":"I","815":"A","816":"C","817":"7","818":"G","819":",","820":"I","821":"A","822":"A","823":"I","824":",","825":"C","826":"A","827":"A","828":"C","829":",","830":"C","831":"A","832":"A","833":"C","834":",","835":"S","836":"A","837":"A","838":"S","839":",","840":"G","841":"A","842":"A","843":"G","844":",","845":"S","846":"A","847":"A","848":"S","849":",","850":"C","851":"A","852":"A","853":"C","854":",","855":"K","856":"A","857":"A","858":"K","859":",","860":"C","861":"A","862":"A","863":"C","864":",","865":"O","866":"A","867":"A","868":"O","869":",","870":"E","871":"A","872":"A","873":"E","874":",","875":"U","876":"A","877":"A","878":"U","879":",","880":"I","881":"A","882":"A","883":"I","884":",","885":"E","886":"A","887":"A","888":"E","889":",","890":"C","891":"A","892":"A","893":"C","894":",","895":"E","896":"A","897":"A","898":"E","899":",","900":"I","901":"A","902":"A","903":"I","904":",","905":"C","906":"A","907":"A","908":"C","909":",","910":"C","911":"A","912":"A","913":"C","914":",","915":"C","916":"A","917":"A","918":"C","919":";","920":";","921":"A","922":"A","923":"E","924":"7","925":"E","926":",","927":"C","928":"A","929":"A","930":"C","931":";","932":";","933":";","934":";","935":";","936":";","937":";","938":";","939":";","940":";","941":";","942":";","943":";","944":";","945":";","946":";","947":";","948":";","949":";","950":";","951":";","952":";","953":";","954":";","955":"I","956":"A","957":"C","958":"O","959":",","960":"I","961":"A","962":"A","963":"I","964":",","965":"C","966":"A","967":"A","968":"C","969":",","970":"E","971":"A","972":"A","973":"E","974":",","975":"M","976":"A","977":"A","978":"M","979":",","980":"I","981":"A","982":"A","983":"I","984":",","985":"S","986":"A","987":"A","988":"S","989":",","990":"C","991":"A","992":"A","993":"C","994":",","995":"i","996":"C","997":"A","998":"A","999":"i","1000":"C","1001":",","1002":"C","1003":"A","1004":"A","1005":"C","1006":";","1007":"I","1008":"A","1009":"C","1010":"7","1011":"D","1012":",","1013":"O","1014":"A","1015":"A","1016":"O","1017":",","1018":"C","1019":"A","1020":"A","1021":"C","1022":",","1023":"K","1024":"A","1025":"A","1026":"K","1027":",","1028":"C","1029":"A","1030":"A","1031":"C","1032":",","1033":"G","1034":"A","1035":"A","1036":"G","1037":",","1038":"C","1039":"A","1040":"A","1041":"C","1042":",","1043":"E","1044":"A","1045":"A","1046":"E","1047":",","1048":"E","1049":"A","1050":"A","1051":"E","1052":",","1053":"C","1054":"A","1055":"A","1056":"C","1057":",","1058":"C","1059":"A","1060":"A","1061":"C","1062":",","1063":"C","1064":"A","1065":"A","1066":"C","1067":",","1068":"K","1069":"A","1070":"A","1071":"K","1072":",","1073":"C","1074":"A","1075":"A","1076":"C","1077":",","1078":"G","1079":"A","1080":"A","1081":"G","1082":",","1083":"C","1084":"A","1085":"A","1086":"C","1087":",","1088":"C","1089":"A","1090":"A","1091":"C","1092":",","1093":"C","1094":"A","1095":"A","1096":"C","1097":",","1098":"E","1099":"A","1100":"A","1101":"E","1102":",","1103":"C","1104":"A","1105":"A","1106":"C","1107":",","1108":"E","1109":"A","1110":"A","1111":"E","1112":",","1113":"I","1114":"A","1115":"A","1116":"I","1117":";","1118":"M","1119":"A","1120":"C","1121":"1","1122":"C","1123":",","1124":"I","1125":"A","1126":"A","1127":"I","1128":",","1129":"C","1130":"A","1131":"A","1132":"C","1133":",","1134":"G","1135":"A","1136":"A","1137":"G","1138":",","1139":"C","1140":"A","1141":"A","1142":"C","1143":",","1144":"E","1145":"A","1146":"A","1147":"E","1148":",","1149":"C","1150":"A","1151":"A","1152":"C","1153":",","1154":"K","1155":"A","1156":"A","1157":"K","1158":",","1159":"C","1160":"A","1161":"A","1162":"C","1163":",","1164":"G","1165":"A","1166":"A","1167":"G","1168":",","1169":"E","1170":"A","1171":"A","1172":"E","1173":",","1174":"C","1175":"A","1176":"A","1177":"C","1178":",","1179":"C","1180":"A","1181":"A","1182":"C","1183":",","1184":"C","1185":"A","1186":"A","1187":"C","1188":",","1189":"G","1190":"A","1191":"A","1192":"G","1193":",","1194":"C","1195":"A","1196":"A","1197":"C","1198":",","1199":"G","1200":"A","1201":"A","1202":"G","1203":",","1204":"C","1205":"A","1206":"A","1207":"C","1208":",","1209":"C","1210":"A","1211":"A","1212":"C","1213":",","1214":"Q","1215":"A","1216":"A","1217":"Q","1218":",","1219":"C","1220":"A","1221":"A","1222":"C","1223":",","1224":"G","1225":"A","1226":"A","1227":"G","1228":",","1229":"E","1230":"A","1231":"A","1232":"E","1233":",","1234":"C","1235":"A","1236":"A","1237":"C","1238":",","1239":"C","1240":"A","1241":"A","1242":"C","1243":",","1244":"C","1245":"A","1246":"A","1247":"C","1248":",","1249":"G","1250":"A","1251":"A","1252":"G","1253":",","1254":"C","1255":"A","1256":"A","1257":"C","1258":",","1259":"C","1260":"A","1261":"A","1262":"C","1263":",","1264":"O","1265":"A","1266":"A","1267":"O","1268":",","1269":"C","1270":"A","1271":"A","1272":"C","1273":",","1274":"K","1275":"A","1276":"A","1277":"K","1278":",","1279":"C","1280":"A","1281":"A","1282":"C","1283":",","1284":"C","1285":"A","1286":"A","1287":"C","1288":",","1289":"G","1290":"A","1291":"A","1292":"G","1293":",","1294":"C","1295":"A","1296":"A","1297":"C","1298":",","1299":"C","1300":"A","1301":"A","1302":"C","1303":",","1304":"Q","1305":"A","1306":"A","1307":"Q","1308":",","1309":"C","1310":"A","1311":"A","1312":"C","1313":",","1314":"K","1315":"A","1316":"A","1317":"K","1318":",","1319":"C","1320":"A","1321":"A","1322":"C","1323":",","1324":"C","1325":"A","1326":"A","1327":"C","1328":",","1329":"I","1330":"A","1331":"A","1332":"I","1333":",","1334":"C","1335":"A","1336":"A","1337":"C","1338":",","1339":"C","1340":"A","1341":"A","1342":"C","1343":",","1344":"C","1345":"A","1346":"A","1347":"C","1348":",","1349":"E","1350":"A","1351":"A","1352":"E","1353":",","1354":"C","1355":"A","1356":"A","1357":"C","1358":",","1359":"C","1360":"A","1361":"A","1362":"C","1363":",","1364":"G","1365":"A","1366":"A","1367":"G","1368":",","1369":"C","1370":"A","1371":"A","1372":"C","1373":",","1374":"C","1375":"A","1376":"A","1377":"C","1378":",","1379":"I","1380":"A","1381":"A","1382":"I","1383":",","1384":"C","1385":"A","1386":"A","1387":"C","1388":",","1389":"I","1390":"A","1391":"A","1392":"I","1393":",","1394":"C","1395":"A","1396":"A","1397":"C","1398":",","1399":"C","1400":"A","1401":"A","1402":"C","1403":",","1404":"C","1405":"A","1406":"A","1407":"C","1408":",","1409":"G","1410":"A","1411":"A","1412":"G","1413":",","1414":"C","1415":"A","1416":"A","1417":"C","1418":",","1419":"C","1420":"A","1421":"A","1422":"C","1423":",","1424":"I","1425":"A","1426":"A","1427":"I","1428":",","1429":"C","1430":"A","1431":"A","1432":"C","1433":",","1434":"C","1435":"A","1436":"A","1437":"C","1438":",","1439":"E","1440":"A","1441":"A","1442":"E","1443":",","1444":"E","1445":"A","1446":"A","1447":"E","1448":",","1449":"C","1450":"A","1451":"A","1452":"C","1453":",","1454":"C","1455":"A","1456":"A","1457":"C","1458":",","1459":"C","1460":"A","1461":"A","1462":"C","1463":",","1464":"C","1465":"A","1466":"A","1467":"C","1468":",","1469":"E","1470":"A","1471":"A","1472":"E","1473":",","1474":"I","1475":"A","1476":"A","1477":"I","1478":",","1479":"E","1480":"A","1481":"A","1482":"E","1483":",","1484":"O","1485":"A","1486":"A","1487":"O","1488":",","1489":"C","1490":"A","1491":"A","1492":"C","1493":";","1494":"M","1495":"A","1496":"C","1497":"5","1498":"J","1499":",","1500":"I","1501":"A","1502":"A","1503":"I","1504":",","1505":"C","1506":"A","1507":"A","1508":"C","15
[...]
,"/home/runner/work/logseq-plugin-left-sidebar-enhance/logseq-plugin-left-sidebar-enhance/src/page-outline/zoom.ts": {"path":"/home/runner/work/logseq-plugin-left-sidebar-enhance/logseq-plugin-left-sidebar-enhance/src/page-outline/zoom.ts","statementMap":{"0":{"start":{"line":8,"column":30},"end":{"line":14,"column":1}},"1":{"start":{"line":9,"column":25},"end":{"line":9,"column":89}},"2":{"start":{"line":10,"column":2},"end":{"line":13,"column":null}},"3":{"start":{"line":11,"column":24},"end":{"line":11,"column":76}},"4":{"start":{"line":12,"column":4},"end":{"line":12,"column":56}},"5":{"start":{"line":12,"column":21},"end":{"line":12,"column":56}},"6":{"start":{"line":17,"column":30},"end":{"line":33,"column":1}},"7":{"start":{"line":18,"column":2},"end":{"line":32,"column":3}},"8":{"start":{"line":19,"column":27},"end":{"line":19,"column":72}},"9":{"start":{"line":20,"column":4},"end":{"line":23,"column":null}},"10":{"start":{"line":21,"column":26},"end":{"line":21,"column":78}},"11":{"start":{"line":22,"column":6},"end":{"line":22,"column":58}},"12":{"start":{"line":22,"column":23},"end":{"line":22,"column":58}},"13":{"start":{"line":25,"column":4},"end":{"line":31,"column":5}},"14":{"start":{"line":26,"column":28},"end":{"line":26,"column":113}},"15":{"start":{"line":27,"column":6},"end":{"line":30,"column":7}},"16":{"start":{"line":28,"column":28},"end":{"line":28,"column":91}},"17":{"start":{"line":29,"column":8},"end":{"line":29,"column":null}},"18":{"start":{"line":29,"column":25},"end":{"line":29,"column":null}},"19":{"start":{"line":36,"column":24},"end":{"line":43,"column":1}},"20":{"start":{"line":37,"column":26},"end":{"line":37,"column":128}},"21":{"start":{"line":38,"column":2},"end":{"line":42,"column":3}},"22":{"start":{"line":39,"column":4},"end":{"line":39,"column":null}},"23":{"start":{"line":41,"column":4},"end":{"line":41,"column":null}}},"fnMap":{"0":{"name":"(anonymous_0)","decl":{"start":{"line":8,"column":30},"end":{"line":8,"column":33}},"loc":{"start":{"line":8,"column":35},"end":{"line":14,"column":1}}},"1":{"name":"(anonymous_1)","decl":{"start":{"line":10,"column":25},"end":{"line":10,"column":26}},"loc":{"start":{"line":10,"column":32},"end":{"line":13,"column":3}}},"2":{"name":"(anonymous_2)","decl":{"start":{"line":17,"column":30},"end":{"line":17,"column":31}},"loc":{"start":{"line":17,"column":133},"end":{"line":33,"column":1}}},"3":{"name":"(anonymous_3)","decl":{"start":{"line":20,"column":27},"end":{"line":20,"column":28}},"loc":{"start":{"line":20,"column":34},"end":{"line":23,"column":5}}},"4":{"name":"(anonymous_4)","decl":{"start":{"line":36,"column":24},"end":{"line":36,"column":25}},"loc":{"start":{"line":36,"column":64},"end":{"line":43,"column":1}}}},"branchMap":{"0":{"loc":{"start":{"line":12,"column":4},"end":{"line":12,"column":56}},"type":"if","locations":[{"start":{"line":12,"column":4},"end":{"line":12,"column":56}}]},"1":{"loc":{"start":{"line":18,"column":2},"end":{"line":32,"column":3}},"type":"if","locations":[{"start":{"line":18,"column":2},"end":{"line":32,"column":3}}]},"2":{"loc":{"start":{"line":22,"column":6},"end":{"line":22,"column":58}},"type":"if","locations":[{"start":{"line":22,"column":6},"end":{"line":22,"column":58}}]},"3":{"loc":{"start":{"line":25,"column":4},"end":{"line":31,"column":5}},"type":"if","locations":[{"start":{"line":25,"column":4},"end":{"line":31,"column":5}}]},"4":{"loc":{"start":{"line":25,"column":8},"end":{"line":25,"column":38}},"type":"binary-expr","locations":[{"start":{"line":25,"column":8},"end":{"line":25,"column":19}},{"start":{"line":25,"column":23},"end":{"line":25,"column":38}}]},"5":{"loc":{"start":{"line":27,"column":6},"end":{"line":30,"column":7}},"type":"if","locations":[{"start":{"line":27,"column":6},"end":{"line":30,"column":7}}]},"6":{"loc":{"start":{"line":29,"column":8},"end":{"line":29,"column":null}},"type":"if","locations":[{"start":{"line":29,"column":8},"end":{"line":29,"column":null}}]},"7":{"loc":{"start":{"line":38,"column":2},"end":{"line":42,"column":3}},"type":"if","locations":[{"start":{"line":38,"column":2},"end":{"line":42,"column":3}},{"start":{"line":40,"column":9},"end":{"line":42,"column":3}}]}},"s":{"0":0,"1":0,"2":0,"3":0,"4":0,"5":0,"6":0,"7":0,"8":0,"9":0,"10":0,"11":0,"12":0,"13":0,"14":0,"15":0,"16":0,"17":0,"18":0,"19":0,"20":0,"21":0,"22":0,"23":0},"f":{"0":0,"1":0,"2":0,"3":0,"4":0},"b":{"0":[0],"1":[0],"2":[0],"3":[0],"4":[0,0],"5":[0],"6":[0],"7":[0,0]}}
,"/home/runner/work/logseq-plugin-left-sidebar-enhance/logseq-plugin-left-sidebar-enhance/src/util/domUtils.ts": {"path":"/home/runner/work/logseq-plugin-left-sidebar-enhance/logseq-plugin-left-sidebar-enhance/src/util/domUtils.ts","statementMap":{"0":{"start":{"line":4,"column":43},"end":{"line":9,"column":1}},"1":{"start":{"line":5,"column":29},"end":{"line":5,"column":56}},"2":{"start":{"line":6,"column":13},"end":{"line":6,"column":null}},"3":{"start":{"line":6,"column":66},"end":{"line":6,"column":98}},"4":{"start":{"line":7,"column":13},"end":{"line":7,"column":null}},"5":{"start":{"line":7,"column":30},"end":{"line":7,"column":null}},"6":{"start":{"line":8,"column":13},"end":{"line":8,"column":null}},"7":{"start":{"line":15,"column":34},"end":{"line":24,"column":1}},"8":{"start":{"line":16,"column":13},"end":{"line":20,"column":null}}},"fnMap":{"0":{"name":"(anonymous_0)","decl":{"start":{"line":4,"column":43},"end":{"line":4,"column":44}},"loc":{"start":{"line":4,"column":133},"end":{"line":9,"column":1}}},"1":{"name":"(anonymous_1)","decl":{"start":{"line":6,"column":48},"end":{"line":6,"column":49}},"loc":{"start":{"line":6,"column":66},"end":{"line":6,"column":98}}},"2":{"name":"(anonymous_2)","decl":{"start":{"line":15,"column":34},"end":{"line":15,"column":35}},"loc":{"start":{"line":15,"column":59},"end":{"line":24,"column":1}}}},"branchMap":{"0":{"loc":{"start":{"line":7,"column":13},"end":{"line":7,"column":null}},"type":"if","locations":[{"start":{"line":7,"column":13},"end":{"line":7,"column":null}}]}},"s":{"0":0,"1":0,"2":0,"3":0,"4":0,"5":0,"6":0,"7":0,"8":0},"f":{"0":0,"1":0,"2":0},"b":{"0":[0]}}
,"/home/runner/work/logseq-plugin-left-sidebar-enhance/logseq-plugin-left-sidebar-enhance/src/util/lib.ts": {"path":"/home/runner/work/logseq-plugin-left-sidebar-enhance/logseq-plugin-left-sidebar-enhance/src/util/lib.ts","statementMap":{"0":{"start":{"line":4,"column":34},"end":{"line":9,"column":1}},"1":{"start":{"line":5,"column":16},"end":{"line":6,"column":null}},"2":{"start":{"line":8,"column":4},"end":{"line":8,"column":null}},"3":{"start":{"line":8,"column":13},"end":{"line":8,"column":null}},"4":{"start":{"line":11,"column":24},"end":{"line":20,"column":1}},"5":{"start":{"line":12,"column":21},"end":{"line":12,"column":77}},"6":{"start":{"line":13,"column":4},"end":{"line":19,"column":5}},"7":{"start":{"line":14,"column":8},"end":{"line":17,"column":null}},"8":{"start":{"line":15,"column":12},"end":{"line":15,"column":null}},"9":{"start":{"line":17,"column":12},"end":{"line":17,"column":null}},"10":{"start":{"line":18,"column":8},"end":{"line":18,"column":null}},"11":{"start":{"line":22,"column":31},"end":{"line":25,"column":1}},"12":{"start":{"line":23,"column":39},"end":{"line":23,"column":107}},"13":{"start":{"line":24,"column":4},"end":{"line":24,"column":null}},"14":{"start":{"line":24,"column":13},"end":{"line":24,"column":null}}},"fnMap":{"0":{"name":"(anonymous_0)","decl":{"start":{"line":4,"column":34},"end":{"line":4,"column":35}},"loc":{"start":{"line":4,"column":56},"end":{"line":9,"column":1}}},"1":{"name":"(anonymous_1)","decl":{"start":{"line":11,"column":24},"end":{"line":11,"column":29}},"loc":{"start":{"line":11,"column":93},"end":{"line":20,"column":1}}},"2":{"name":"(anonymous_2)","decl":{"start":{"line":22,"column":31},"end":{"line":22,"column":32}},"loc":{"start":{"line":22,"column":55},"end":{"line":25,"column":1}}}},"branchMap":{"0":{"loc":{"start":{"line":8,"column":4},"end":{"line":8,"column":null}},"type":"if","locations":[{"start":{"line":8,"column":4},"end":{"line":8,"column":null}}]},"1":{"loc":{"start":{"line":13,"column":4},"end":{"line":19,"column":5}},"type":"if","locations":[{"start":{"line":13,"column":4},"end":{"line":19,"column":5}}]},"2":{"loc":{"start":{"line":14,"column":8},"end":{"line":17,"column":null}},"type":"if","locations":[{"start":{"line":14,"column":8},"end":{"line":17,"column":null}},{"start":{"line":17,"column":12},"end":{"line":17,"column":null}}]},"3":{"loc":{"start":{"line":24,"column":4},"end":{"line":24,"column":null}},"type":"if","locations":[{"start":{"line":24,"column":4},"end":{"line":24,"column":null}}]}},"s":{"0":0,"1":0,"2":0,"3":0,"4":0,"5":0,"6":0,"7":0,"8":0,"9":0,"10":0,"11":0,"12":0,"13":0,"14":0},"f":{"0":0,"1":0,"2":0},"b":{"0":[0],"1":[0],"2":[0,0],"3":[0]}}
,"/home/runner/work/logseq-plugin-left-sidebar-enhance/logseq-plugin-left-sidebar-enhance/src/util/markdown.ts": {"path":"/home/runner/work/logseq-plugin-left-sidebar-enhance/logseq-plugin-left-sidebar-enhance/src/util/markdown.ts","statementMap":{"0":{"start":{"line":2,"column":17},"end":{"line":7,"column":null}},"1":{"start":{"line":9,"column":22},"end":{"line":12,"column":13}},"2":{"start":{"line":10,"column":2},"end":{"line":12,"column":13}},"3":{"start":{"line":14,"column":34},"end":{"line":14,"column":107}},"4":{"start":{"line":14,"column":60},"end":{"line":14,"column":107}},"5":{"start":{"line":16,"column":39},"end":{"line":16,"column":122}},"6":{"start":{"line":16,"column":65},"end":{"line":16,"column":122}},"7":{"start":{"line":18,"column":37},"end":{"line":21,"column":18}},"8":{"start":{"line":19,"column":2},"end":{"line":21,"column":18}},"9":{"start":{"line":23,"column":35},"end":{"line":23,"column":113}},"10":{"start":{"line":23,"column":61},"end":{"line":23,"column":113}},"11":{"start":{"line":41,"column":31},"end":{"line":47,"column":52}},"12":{"start":{"line":42,"column":2},"end":{"line":47,"column":52}},"13":{"start":{"line":44,"column":20},"end":{"line":44,"column":31}},"14":{"start":{"line":45,"column":17},"end":{"line":45,"column":38}},"15":{"start":{"line":47,"column":6},"end":{"line":47,"column":37}}},"fnMap":{"0":{"name":"(anonymous_0)","decl":{"start":{"line":9,"column":22},"end":{"line":9,"column":23}},"loc":{"start":{"line":10,"column":2},"end":{"line":12,"column":13}}},"1":{"name":"(anonymous_1)","decl":{"start":{"line":14,"column":34},"end":{"line":14,"column":35}},"loc":{"start":{"line":14,"column":60},"end":{"line":14,"column":107}}},"2":{"name":"(anonymous_2)","decl":{"start":{"line":16,"column":39},"end":{"line":16,"column":40}},"loc":{"start":{"line":16,"column":65},"end":{"line":16,"column":122}}},"3":{"name":"(anonymous_3)","decl":{"start":{"line":18,"column":37},"end":{"line":18,"column":38}},"loc":{"start":{"line":19,"column":2},"end":{"line":21,"column":18}}},"4":{"name":"(anonymous_4)","decl":{"start":{"line":23,"column":35},"end":{"line":23,"column":36}},"loc":{"start":{"line":23,"column":61},"end":{"line":23,"column":113}}},"5":{"name":"(anonymous_5)","decl":{"start":{"line":41,"column":31},"end":{"line":41,"column":32}},"loc":{"start":{"line":42,"column":2},"end":{"line":47,"column":52}}},"6":{"name":"(anonymous_6)","decl":{"start":{"line":44,"column":12},"end":{"line":44,"column":16}},"loc":{"start":{"line":44,"column":20},"end":{"line":44,"column":31}}},"7":{"name":"(anonymous_7)","decl":{"start":{"line":45,"column":9},"end":{"line":45,"column":13}},"loc":{"start":{"line":45,"column":17},"end":{"line":45,"column":38}}},"8":{"name":"(anonymous_8)","decl":{"start":{"line":46,"column":12},"end":{"line":46,"column":13}},"loc":{"start":{"line":47,"column":6},"end":{"line":47,"column":37}}}},"branchMap":{"0":{"loc":{"start":{"line":9,"column":57},"end":{"line":9,"column":81}},"type":"default-arg","locations":[{"start":{"line":9,"column":79},"end":{"line":9,"column":81}}]},"1":{"loc":{"start":{"line":10,"column":2},"end":{"line":12,"column":13}},"type":"cond-expr","locations":[{"start":{"line":11,"column":4},"end":{"line":11,"column":44}},{"start":{"line":12,"column":6},"end":{"line":12,"column":13}}]},"2":{"loc":{"start":{"line":19,"column":2},"end":{"line":21,"column":18}},"type":"cond-expr","locations":[{"start":{"line":20,"column":4},"end":{"line":20,"column":42}},{"start":{"line":21,"column":6},"end":{"line":21,"column":18}}]}},"s":{"0":0,"1":0,"2":0,"3":0,"4":0,"5":0,"6":0,"7":0,"8":0,"9":0,"10":0,"11":0,"12":0,"13":0,"14":0,"15":0},"f":{"0":0,"1":0,"2":0,"3":0,"4":0,"5":0,"6":0,"7":0,"8":0},"b":{"0":[0],"1":[0,0],"2":[0,0]}}
,"/home/runner/work/logseq-plugin-left-sidebar-enhance/logseq-plugin-left-sidebar-enhance/src/util/query/advancedQuery.ts": {"path":"/home/runner/work/logseq-plugin-left-sidebar-enhance/logseq-plugin-left-sidebar-enhance/src/util/query/advancedQuery.ts","statementMap":{"0":{"start":{"line":4,"column":22},"end":{"line":12,"column":1}},"1":{"start":{"line":5,"column":2},"end":{"line":11,"column":3}},"2":{"start":{"line":6,"column":19},"end":{"line":6,"column":67}},"3":{"start":{"line":7,"column":4},"end":{"line":7,"column":null}},"4":{"start":{"line":9,"column":4},"end":{"line":9,"column":null}},"5":{"start":{"line":10,"column":4},"end":{"line":10,"column":null}},"6":{"start":{"line":14,"column":27},"end":{"line":24,"column":1}},"7":{"start":{"line":15,"column":17},"end":{"line":22,"column":26}},"8":{"start":{"line":23,"column":2},"end":{"line":23,"column":null}},"9":{"start":{"line":26,"column":34},"end":{"line":35,"column":1}},"10":{"start":{"line":27,"column":17},"end":{"line":33,"column":8}},"11":{"start":{"line":34,"column":2},"end":{"line":34,"column":null}},"12":{"start":{"line":37,"column":33},"end":{"line":50,"column":1}},"13":{"start":{"line":38,"column":17},"end":{"line":44,"column":7}},"14":{"start":{"line":45,"column":2},"end":{"line":48,"column":3}},"15":{"start":{"line":46,"column":23},"end":{"line":46,"column":44}},"16":{"start":{"line":47,"column":4},"end":{"line":47,"column":null}},"17":{"start":{"line":49,"column":2},"end":{"line":49,"column":null}},"18":{"start":{"line":55,"column":35},"end":{"line":71,"column":1}},"19":{"start":{"line":57,"column":17},"end":{"line":65,"column":26}},"20":{"start":{"line":66,"column":2},"end":{"line":69,"column":3}},"21":{"start":{"line":67,"column":52},"end":{"line":67,"column":61}},"22":{"start":{"line":68,"column":4},"end":{"line":68,"column":null}},"23":{"start":{"line":70,"column":2},"end":{"line":70,"column":null}},"24":{"start":{"line":73,"column":35},"end":{"line":86,"column":1}},"25":{"start":{"line":75,"column":17},"end":{"line":82,"column":27}},"26":{"start":{"line":83,"column":2},"end":{"line":84,"column":null}},"27":{"start":{"line":84,"column":4},"end":{"line":84,"column":null}},"28":{"start":{"line":85,"column":2},"end":{"line":85,"column":null}},"29":{"start":{"line":93,"column":31},"end":{"line":106,"column":1}},"30":{"start":{"line":94,"column":17},"end":{"line":100,"column":8}},"31":{"start":{"line":101,"column":2},"end":{"line":104,"column":null}},"32":{"start":{"line":102,"column":4},"end":{"line":104,"column":null}},"33":{"start":{"line":105,"column":2},"end":{"line":105,"column":null}},"34":{"start":{"line":110,"column":38},"end":{"line":126,"column":1}},"35":{"start":{"line":113,"column":17},"end":{"line":121,"column":25}},"36":{"start":{"line":122,"column":2},"end":{"line":123,"column":null}},"37":{"start":{"line":123,"column":4},"end":{"line":123,"column":null}},"38":{"start":{"line":124,"column":2},"end":{"line":124,"column":27}}},"fnMap":{"0":{"name":"(anonymous_0)","decl":{"start":{"line":4,"column":22},"end":{"line":4,"column":27}},"loc":{"start":{"line":4,"column":90},"end":{"line":12,"column":1}}},"1":{"name":"(anonymous_1)","decl":{"start":{"line":14,"column":27},"end":{"line":14,"column":32}},"loc":{"start":{"line":14,"column":90},"end":{"line":24,"column":1}}},"2":{"name":"(anonymous_2)","decl":{"start":{"line":26,"column":34},"end":{"line":26,"column":39}},"loc":{"start":{"line":26,"column":110},"end":{"line":35,"column":1}}},"3":{"name":"(anonymous_3)","decl":{"start":{"line":37,"column":33},"end":{"line":37,"column":38}},"loc":{"start":{"line":37,"column":106},"end":{"line":50,"column":1}}},"4":{"name":"(anonymous_4)","decl":{"start":{"line":55,"column":35},"end":{"line":55,"column":40}},"loc":{"start":{"line":55,"column":134},"end":{"line":71,"column":1}}},"5":{"name":"(anonymous_5)","decl":{"start":{"line":73,"column":35},"end":{"line":73,"column":40}},"loc":{"start":{"line":73,"column":171},"end":{"line":86,"column":1}}},"6":{"name":"(anonymous_6)","decl":{"start":{"line":93,"column":31},"end":{"line":93,"column":36}},"loc":{"start":{"line":93,"column":128},"end":{"line":106,"column":1}}},"7":{"name":"(anonymous_7)","decl":{"start":{"line":110,"column":38},"end":{"line":110,"column":43}},"loc":{"start":{"line":110,"column":138},"end":{"line":126,"column":1}}}},"branchMap":{"0":{"loc":{"start":{"line":23,"column":9},"end":{"line":23,"column":34}},"type":"binary-expr","locations":[{"start":{"line":23,"column":9},"end":{"line":23,"column":26}},{"start":{"line":23,"column":30},"end":{"line":23,"column":34}}]},"1":{"loc":{"start":{"line":34,"column":9},"end":{"line":34,"column":37}},"type":"binary-expr","locations":[{"start":{"line":34,"column":9},"end":{"line":34,"column":29}},{"start":{"line":34,"column":33},"end":{"line":34,"column":37}}]},"2":{"loc":{"start":{"line":45,"column":2},"end":{"line":48,"column":3}},"type":"if","locations":[{"start":{"line":45,"column":2},"end":{"line":48,"column":3}}]},"3":{"loc":{"start":{"line":66,"column":2},"end":{"line":69,"column":3}},"type":"if","locations":[{"start":{"line":66,"column":2},"end":{"line":69,"column":3}}]},"4":{"loc":{"start":{"line":83,"column":2},"end":{"line":84,"column":null}},"type":"if","locations":[{"start":{"line":83,"column":2},"end":{"line":84,"column":null}}]},"5":{"loc":{"start":{"line":83,"column":6},"end":{"line":83,"column":35}},"type":"binary-expr","locations":[{"start":{"line":83,"column":6},"end":{"line":83,"column":17}},{"start":{"line":83,"column":21},"end":{"line":83,"column":35}}]},"6":{"loc":{"start":{"line":101,"column":2},"end":{"line":104,"column":null}},"type":"if","locations":[{"start":{"line":101,"column":2},"end":{"line":104,"column":null}}]},"7":{"loc":{"start":{"line":102,"column":11},"end":{"line":104,"column":12}},"type":"cond-expr","locations":[{"start":{"line":103,"column":6},"end":{"line":103,"column":64}},{"start":{"line":104,"column":8},"end":{"line":104,"column":12}}]},"8":{"loc":{"start":{"line":122,"column":2},"end":{"line":123,"column":null}},"type":"if","locations":[{"start":{"line":122,"column":2},"end":{"line":123,"column":null}}]}},"s":{"0":0,"1":0,"2":0,"3":0,"4":0,"5":0,"6":0,"7":0,"8":0,"9":0,"10":0,"11":0,"12":0,"13":0,"14":0,"15":0,"16":0,"17":0,"18":0,"19":0,"20":0,"21":0,"22":0,"23":0,"24":0,"25":0,"26":0,"27":0,"28":0,"29":0,"30":0,"31":0,"32":0,"33":0,"34":0,"35":0,"36":0,"37":0,"38":0},"f":{"0":0,"1":0,"2":0,"3":0,"4":0,"5":0,"6":0,"7":0},"b":{"0":[0,0],"1":[0,0],"2":[0],"3":[0],"4":[0],"5":[0,0],"6":[0],"7":[0,0],"8":[0]}}
}
